#
# There is insufficient memory for the Java Runtime Environment to continue.
# Native memory allocation (malloc) failed to allocate 1085216 bytes. Error detail: Chunk::new
# Possible reasons:
#   The system is out of physical RAM or swap space
#   This process is running with CompressedOops enabled, and the Java Heap may be blocking the growth of the native heap
# Possible solutions:
#   Reduce memory load on the system
#   Increase physical memory or swap space
#   Check if swap backing store is full
#   Decrease Java heap size (-Xmx/-Xms)
#   Decrease number of Java threads
#   Decrease Java thread stack sizes (-Xss)
#   Set larger code cache with -XX:ReservedCodeCacheSize=
#   JVM is running with Unscaled Compressed Oops mode in which the Java heap is
#     placed in the first 4GB address space. The Java Heap base address is the
#     maximum limit for the native heap growth. Please use -XX:HeapBaseMinAddress
#     to set the Java Heap base and to place the Java Heap above 4GB virtual address.
# This output file may be truncated or incomplete.
#
#  Out of Memory Error (arena.cpp:149), pid=126564, tid=66880
#
# JRE version: Java(TM) SE Runtime Environment (23.0.2+7) (build 23.0.2+7-58)
# Java VM: Java HotSpot(TM) 64-Bit Server VM (23.0.2+7-58, mixed mode, sharing, tiered, compressed oops, compressed class ptrs, g1 gc, windows-amd64)
# No core dump will be written. Minidumps are not enabled by default on client versions of Windows
#

---------------  S U M M A R Y ------------

Command Line: --add-opens=java.base/java.lang=ALL-UNNAMED --add-opens=java.base/java.lang.invoke=ALL-UNNAMED --add-opens=java.base/java.util=ALL-UNNAMED --add-opens=java.prefs/java.util.prefs=ALL-UNNAMED --add-exports=jdk.compiler/com.sun.tools.javac.api=ALL-UNNAMED --add-exports=jdk.compiler/com.sun.tools.javac.util=ALL-UNNAMED --add-opens=java.base/java.util=ALL-UNNAMED --add-opens=java.prefs/java.util.prefs=ALL-UNNAMED --add-opens=java.base/java.nio.charset=ALL-UNNAMED --add-opens=java.base/java.net=ALL-UNNAMED --add-opens=java.base/java.util.concurrent.atomic=ALL-UNNAMED --add-opens=java.xml/javax.xml.namespace=ALL-UNNAMED -Xmx2048m -Dfile.encoding=UTF-8 -Duser.country=PH -Duser.language=en -Duser.variant -javaagent:C:\Users\reyes\.gradle\wrapper\dists\gradle-8.13-bin\5xuhj0ry160q40clulazy9h7d\gradle-8.13\lib\agents\gradle-instrumentation-agent-8.13.jar org.gradle.launcher.daemon.bootstrap.GradleDaemon 8.13

Host: 13th Gen Intel(R) Core(TM) i5-1335U, 12 cores, 7G,  Windows 11 , 64 bit Build 26100 (10.0.26100.7309)
Time: Sun Jan  4 21:58:09 2026 Malay Peninsula Standard Time elapsed time: 32.952165 seconds (0d 0h 0m 32s)

---------------  T H R E A D  ---------------

Current thread (0x000002704f316240):  JavaThread "C2 CompilerThread0" daemon [_thread_in_native, id=66880, stack(0x000000f9a1500000,0x000000f9a1600000) (1024K)]


Current CompileTask:
C2:32953 16622 %     4       org.gradle.internal.instantiation.generator.AbstractClassGenerator::inspectType @ 193 (602 bytes)

Stack: [0x000000f9a1500000,0x000000f9a1600000]
Native frames: (J=compiled Java code, j=interpreted, Vv=VM code, C=native code)
V  [jvm.dll+0x6e0b99]  (no source info available)
V  [jvm.dll+0x87e2b3]  (no source info available)
V  [jvm.dll+0x88073e]  (no source info available)
V  [jvm.dll+0x880e13]  (no source info available)
V  [jvm.dll+0x27b006]  (no source info available)
V  [jvm.dll+0xbc06f]  (no source info available)
V  [jvm.dll+0xbc2cb]  (no source info available)
V  [jvm.dll+0x2eea6d]  (no source info available)
V  [jvm.dll+0x606669]  (no source info available)
V  [jvm.dll+0x24def2]  (no source info available)
V  [jvm.dll+0x24681d]  (no source info available)
V  [jvm.dll+0x243e04]  (no source info available)
V  [jvm.dll+0x1c34b0]  (no source info available)
V  [jvm.dll+0x253df1]  (no source info available)
V  [jvm.dll+0x2520aa]  (no source info available)
V  [jvm.dll+0x3ee226]  (no source info available)
V  [jvm.dll+0x8254cb]  (no source info available)
V  [jvm.dll+0x6df345]  (no source info available)
C  [ucrtbase.dll+0x37b0]  (no source info available)
C  [KERNEL32.DLL+0x2e8d7]  (no source info available)
C  [ntdll.dll+0x8c53c]  (no source info available)

Lock stack of current Java thread (top to bottom):


---------------  P R O C E S S  ---------------

Threads class SMR info:
_java_thread_list=0x0000027096f3bb00, length=66, elements={
0x000002703205e9b0, 0x000002704f30d530, 0x000002704f30df90, 0x000002704f312d70,
0x000002704f313900, 0x000002704f314640, 0x000002704f315380, 0x000002704f316240,
0x000002704f3170a0, 0x000002704f2d5a80, 0x000002704f578be0, 0x0000027095a95ec0,
0x0000027095a951a0, 0x0000027095a97270, 0x0000027095a97900, 0x0000027095a95830,
0x0000027095a96550, 0x0000027095a96be0, 0x0000027095a97f90, 0x0000027095a98620,
0x000002709618c420, 0x000002709618e4f0, 0x000002709618bd90, 0x000002709618b070,
0x000002709618eb80, 0x000002709618d140, 0x000002709618cab0, 0x000002709618b700,
0x00000270a38d5b40, 0x00000270a38d7580, 0x00000270a38d82a0, 0x00000270a38d8930,
0x00000270a8358bb0, 0x00000270a8355730, 0x00000270a8359240, 0x00000270a8355dc0,
0x00000270a835b9a0, 0x00000270a835c6c0, 0x00000270a835a5f0, 0x00000270a83598d0,
0x00000270a835c030, 0x00000270a8359f60, 0x00000270a835ac80, 0x00000270a835b310,
0x00000270a38da370, 0x00000270a38daa00, 0x000002704f87ab60, 0x000002704f87b1f0,
0x000002704f87a4d0, 0x000002704f87d2c0, 0x000002704f87bf10, 0x000002704f87d950,
0x000002704f87dfe0, 0x000002704f87e670, 0x000002704f8800b0, 0x000002704f87cc30,
0x000002704f880740, 0x000002704f880dd0, 0x000002704f881460, 0x000002704f881af0,
0x0000027096c4d4a0, 0x00000270991685c0, 0x0000027099168c50, 0x00000270991692e0,
0x0000027099169970, 0x000002704f87f390
}

Java Threads: ( => current thread )
  0x000002703205e9b0 JavaThread "main"                              [_thread_blocked, id=7852, stack(0x000000f9a0700000,0x000000f9a0800000) (1024K)]
  0x000002704f30d530 JavaThread "Reference Handler"          daemon [_thread_blocked, id=22556, stack(0x000000f9a0f00000,0x000000f9a1000000) (1024K)]
  0x000002704f30df90 JavaThread "Finalizer"                  daemon [_thread_blocked, id=89680, stack(0x000000f9a1000000,0x000000f9a1100000) (1024K)]
  0x000002704f312d70 JavaThread "Signal Dispatcher"          daemon [_thread_blocked, id=116044, stack(0x000000f9a1100000,0x000000f9a1200000) (1024K)]
  0x000002704f313900 JavaThread "Attach Listener"            daemon [_thread_blocked, id=13088, stack(0x000000f9a1200000,0x000000f9a1300000) (1024K)]
  0x000002704f314640 JavaThread "Service Thread"             daemon [_thread_blocked, id=111744, stack(0x000000f9a1300000,0x000000f9a1400000) (1024K)]
  0x000002704f315380 JavaThread "Monitor Deflation Thread"   daemon [_thread_blocked, id=78520, stack(0x000000f9a1400000,0x000000f9a1500000) (1024K)]
=>0x000002704f316240 JavaThread "C2 CompilerThread0"         daemon [_thread_in_native, id=66880, stack(0x000000f9a1500000,0x000000f9a1600000) (1024K)]
  0x000002704f3170a0 JavaThread "C1 CompilerThread0"         daemon [_thread_blocked, id=58392, stack(0x000000f9a1600000,0x000000f9a1700000) (1024K)]
  0x000002704f2d5a80 JavaThread "Common-Cleaner"             daemon [_thread_blocked, id=78748, stack(0x000000f9a1700000,0x000000f9a1800000) (1024K)]
  0x000002704f578be0 JavaThread "Notification Thread"        daemon [_thread_blocked, id=125744, stack(0x000000f9a1800000,0x000000f9a1900000) (1024K)]
  0x0000027095a95ec0 JavaThread "Daemon health stats"               [_thread_blocked, id=95208, stack(0x000000f9a1900000,0x000000f9a1a00000) (1024K)]
  0x0000027095a951a0 JavaThread "Incoming local TCP Connector on port 46660"        [_thread_in_native, id=118532, stack(0x000000f9a2000000,0x000000f9a2100000) (1024K)]
  0x0000027095a97270 JavaThread "Daemon periodic checks"            [_thread_blocked, id=116796, stack(0x000000f9a2100000,0x000000f9a2200000) (1024K)]
  0x0000027095a97900 JavaThread "Daemon"                            [_thread_blocked, id=119100, stack(0x000000f9a2200000,0x000000f9a2300000) (1024K)]
  0x0000027095a95830 JavaThread "Handler for socket connection from /127.0.0.1:46660 to /127.0.0.1:46661"        [_thread_in_native, id=1256, stack(0x000000f9a2300000,0x000000f9a2400000) (1024K)]
  0x0000027095a96550 JavaThread "Cancel handler"                    [_thread_blocked, id=94184, stack(0x000000f9a2400000,0x000000f9a2500000) (1024K)]
  0x0000027095a96be0 JavaThread "Daemon worker"                     [_thread_in_vm, id=121444, stack(0x000000f9a2500000,0x000000f9a2600000) (1024K)]
  0x0000027095a97f90 JavaThread "Asynchronous log dispatcher for DefaultDaemonConnection: socket connection from /127.0.0.1:46660 to /127.0.0.1:46661"        [_thread_blocked, id=17180, stack(0x000000f9a2600000,0x000000f9a2700000) (1024K)]
  0x0000027095a98620 JavaThread "Stdin handler"                     [_thread_blocked, id=125712, stack(0x000000f9a2700000,0x000000f9a2800000) (1024K)]
  0x000002709618c420 JavaThread "Daemon client event forwarder"        [_thread_blocked, id=45608, stack(0x000000f9a2800000,0x000000f9a2900000) (1024K)]
  0x000002709618e4f0 JavaThread "Cache worker for journal cache (C:\Users\reyes\.gradle\caches\journal-1)"        [_thread_blocked, id=110480, stack(0x000000f9a2d00000,0x000000f9a2e00000) (1024K)]
  0x000002709618bd90 JavaThread "File lock request listener"        [_thread_in_native, id=122500, stack(0x000000f9a2e00000,0x000000f9a2f00000) (1024K)]
  0x000002709618b070 JavaThread "Cache worker for file hash cache (C:\Users\reyes\.gradle\caches\8.13\fileHashes)"        [_thread_blocked, id=118152, stack(0x000000f9a1f00000,0x000000f9a2000000) (1024K)]
  0x000002709618eb80 JavaThread "Cache worker for file hash cache (C:\Users\reyes\Downloads\Fragments_Reyes\Fragments_Reyes\.gradle\8.13\fileHashes)"        [_thread_blocked, id=16076, stack(0x000000f9a3100000,0x000000f9a3200000) (1024K)]
  0x000002709618d140 JavaThread "Cache worker for Build Output Cleanup Cache (C:\Users\reyes\Downloads\Fragments_Reyes\Fragments_Reyes\.gradle\buildOutputCleanup)"        [_thread_blocked, id=126980, stack(0x000000f9a3200000,0x000000f9a3300000) (1024K)]
  0x000002709618cab0 JavaThread "File watcher server"        daemon [_thread_in_native, id=112532, stack(0x000000f9a3400000,0x000000f9a3500000) (1024K)]
  0x000002709618b700 JavaThread "File watcher consumer"      daemon [_thread_blocked, id=34604, stack(0x000000f9a3500000,0x000000f9a3600000) (1024K)]
  0x00000270a38d5b40 JavaThread "Cache worker for checksums cache (C:\Users\reyes\Downloads\Fragments_Reyes\Fragments_Reyes\.gradle\8.13\checksums)"        [_thread_blocked, id=125364, stack(0x000000f9a3600000,0x000000f9a3700000) (1024K)]
  0x00000270a38d7580 JavaThread "Cache worker for file content cache (C:\Users\reyes\.gradle\caches\8.13\fileContent)"        [_thread_blocked, id=110876, stack(0x000000f9a3700000,0x000000f9a3800000) (1024K)]
  0x00000270a38d82a0 JavaThread "Cache worker for cache directory md-supplier (C:\Users\reyes\.gradle\caches\8.13\md-supplier)"        [_thread_blocked, id=14832, stack(0x000000f9a3800000,0x000000f9a3900000) (1024K)]
  0x00000270a38d8930 JavaThread "Cache worker for cache directory md-rule (C:\Users\reyes\.gradle\caches\8.13\md-rule)"        [_thread_blocked, id=125604, stack(0x000000f9a3900000,0x000000f9a3a00000) (1024K)]
  0x00000270a8358bb0 JavaThread "Unconstrained build operations"        [_thread_blocked, id=9836, stack(0x000000f9a3a00000,0x000000f9a3b00000) (1024K)]
  0x00000270a8355730 JavaThread "Unconstrained build operations Thread 2"        [_thread_blocked, id=102876, stack(0x000000f9a3b00000,0x000000f9a3c00000) (1024K)]
  0x00000270a8359240 JavaThread "Unconstrained build operations Thread 3"        [_thread_blocked, id=121688, stack(0x000000f9a3c00000,0x000000f9a3d00000) (1024K)]
  0x00000270a8355dc0 JavaThread "Unconstrained build operations Thread 4"        [_thread_blocked, id=93208, stack(0x000000f9a3d00000,0x000000f9a3e00000) (1024K)]
  0x00000270a835b9a0 JavaThread "Unconstrained build operations Thread 5"        [_thread_blocked, id=125480, stack(0x000000f9a3e00000,0x000000f9a3f00000) (1024K)]
  0x00000270a835c6c0 JavaThread "Unconstrained build operations Thread 6"        [_thread_blocked, id=113004, stack(0x000000f9a3f00000,0x000000f9a4000000) (1024K)]
  0x00000270a835a5f0 JavaThread "Unconstrained build operations Thread 7"        [_thread_blocked, id=46708, stack(0x000000f9a4000000,0x000000f9a4100000) (1024K)]
  0x00000270a83598d0 JavaThread "Unconstrained build operations Thread 8"        [_thread_blocked, id=108540, stack(0x000000f9a4100000,0x000000f9a4200000) (1024K)]
  0x00000270a835c030 JavaThread "Unconstrained build operations Thread 9"        [_thread_blocked, id=113688, stack(0x000000f9a4200000,0x000000f9a4300000) (1024K)]
  0x00000270a8359f60 JavaThread "Unconstrained build operations Thread 10"        [_thread_blocked, id=90744, stack(0x000000f9a4300000,0x000000f9a4400000) (1024K)]
  0x00000270a835ac80 JavaThread "Unconstrained build operations Thread 11"        [_thread_blocked, id=123884, stack(0x000000f9a4400000,0x000000f9a4500000) (1024K)]
  0x00000270a835b310 JavaThread "Unconstrained build operations Thread 12"        [_thread_blocked, id=125040, stack(0x000000f9a4500000,0x000000f9a4600000) (1024K)]
  0x00000270a38da370 JavaThread "Unconstrained build operations Thread 13"        [_thread_blocked, id=126084, stack(0x000000f9a4600000,0x000000f9a4700000) (1024K)]
  0x00000270a38daa00 JavaThread "Unconstrained build operations Thread 14"        [_thread_blocked, id=123660, stack(0x000000f9a4700000,0x000000f9a4800000) (1024K)]
  0x000002704f87ab60 JavaThread "Unconstrained build operations Thread 15"        [_thread_blocked, id=117556, stack(0x000000f9a4800000,0x000000f9a4900000) (1024K)]
  0x000002704f87b1f0 JavaThread "Unconstrained build operations Thread 16"        [_thread_blocked, id=98192, stack(0x000000f9a4900000,0x000000f9a4a00000) (1024K)]
  0x000002704f87a4d0 JavaThread "Unconstrained build operations Thread 17"        [_thread_blocked, id=96736, stack(0x000000f9a4a00000,0x000000f9a4b00000) (1024K)]
  0x000002704f87d2c0 JavaThread "Unconstrained build operations Thread 18"        [_thread_blocked, id=19660, stack(0x000000f9a4b00000,0x000000f9a4c00000) (1024K)]
  0x000002704f87bf10 JavaThread "Unconstrained build operations Thread 19"        [_thread_blocked, id=118236, stack(0x000000f9a4c00000,0x000000f9a4d00000) (1024K)]
  0x000002704f87d950 JavaThread "Unconstrained build operations Thread 20"        [_thread_blocked, id=107164, stack(0x000000f9a4d00000,0x000000f9a4e00000) (1024K)]
  0x000002704f87dfe0 JavaThread "Unconstrained build operations Thread 21"        [_thread_blocked, id=120132, stack(0x000000f9a4e00000,0x000000f9a4f00000) (1024K)]
  0x000002704f87e670 JavaThread "Unconstrained build operations Thread 22"        [_thread_blocked, id=102428, stack(0x000000f9a4f00000,0x000000f9a5000000) (1024K)]
  0x000002704f8800b0 JavaThread "Unconstrained build operations Thread 23"        [_thread_blocked, id=105924, stack(0x000000f9a5000000,0x000000f9a5100000) (1024K)]
  0x000002704f87cc30 JavaThread "Unconstrained build operations Thread 24"        [_thread_blocked, id=76196, stack(0x000000f9a5100000,0x000000f9a5200000) (1024K)]
  0x000002704f880740 JavaThread "Unconstrained build operations Thread 25"        [_thread_blocked, id=87560, stack(0x000000f9a5200000,0x000000f9a5300000) (1024K)]
  0x000002704f880dd0 JavaThread "Unconstrained build operations Thread 26"        [_thread_blocked, id=59500, stack(0x000000f9a5300000,0x000000f9a5400000) (1024K)]
  0x000002704f881460 JavaThread "Unconstrained build operations Thread 27"        [_thread_blocked, id=123288, stack(0x000000f9a5400000,0x000000f9a5500000) (1024K)]
  0x000002704f881af0 JavaThread "Unconstrained build operations Thread 28"        [_thread_blocked, id=119188, stack(0x000000f9a5500000,0x000000f9a5600000) (1024K)]
  0x0000027096c4d4a0 JavaThread "Unconstrained build operations Thread 29"        [_thread_blocked, id=126816, stack(0x000000f9a5600000,0x000000f9a5700000) (1024K)]
  0x00000270991685c0 JavaThread "Unconstrained build operations Thread 30"        [_thread_blocked, id=108348, stack(0x000000f9a5700000,0x000000f9a5800000) (1024K)]
  0x0000027099168c50 JavaThread "Unconstrained build operations Thread 31"        [_thread_blocked, id=17528, stack(0x000000f9a5800000,0x000000f9a5900000) (1024K)]
  0x00000270991692e0 JavaThread "Unconstrained build operations Thread 32"        [_thread_blocked, id=127968, stack(0x000000f9a5900000,0x000000f9a5a00000) (1024K)]
  0x0000027099169970 JavaThread "Unconstrained build operations Thread 33"        [_thread_blocked, id=55048, stack(0x000000f9a5a00000,0x000000f9a5b00000) (1024K)]
  0x000002704f87f390 JavaThread "Memory manager"                    [_thread_blocked, id=76404, stack(0x000000f9a5b00000,0x000000f9a5c00000) (1024K)]
Total: 66

Other Threads:
  0x000002704f2eb370 VMThread "VM Thread"                           [id=102900, stack(0x000000f9a0e00000,0x000000f9a0f00000) (1024K)]
  0x000002704f2d5240 WatcherThread "VM Periodic Task Thread"        [id=28208, stack(0x000000f9a0d00000,0x000000f9a0e00000) (1024K)]
  0x00000270320b7670 WorkerThread "GC Thread#0"                     [id=25756, stack(0x000000f9a0800000,0x000000f9a0900000) (1024K)]
  0x000002704fc13ff0 WorkerThread "GC Thread#1"                     [id=47168, stack(0x000000f9a1a00000,0x000000f9a1b00000) (1024K)]
  0x000002704fcc0ac0 WorkerThread "GC Thread#2"                     [id=125300, stack(0x000000f9a1b00000,0x000000f9a1c00000) (1024K)]
  0x000002704fbda7a0 WorkerThread "GC Thread#3"                     [id=122788, stack(0x000000f9a1c00000,0x000000f9a1d00000) (1024K)]
  0x00000270952baf70 WorkerThread "GC Thread#4"                     [id=120220, stack(0x000000f9a1d00000,0x000000f9a1e00000) (1024K)]
  0x0000027095527fa0 WorkerThread "GC Thread#5"                     [id=87340, stack(0x000000f9a1e00000,0x000000f9a1f00000) (1024K)]
  0x0000027095e2a0d0 WorkerThread "GC Thread#6"                     [id=1476, stack(0x000000f9a2900000,0x000000f9a2a00000) (1024K)]
  0x0000027095e2a480 WorkerThread "GC Thread#7"                     [id=18252, stack(0x000000f9a2a00000,0x000000f9a2b00000) (1024K)]
  0x0000027095e2af90 WorkerThread "GC Thread#8"                     [id=123972, stack(0x000000f9a2b00000,0x000000f9a2c00000) (1024K)]
  0x000002709630a650 WorkerThread "GC Thread#9"                     [id=45328, stack(0x000000f9a2c00000,0x000000f9a2d00000) (1024K)]
  0x00000270320ccde0 ConcurrentGCThread "G1 Main Marker"            [id=116308, stack(0x000000f9a0900000,0x000000f9a0a00000) (1024K)]
  0x00000270320ce720 WorkerThread "G1 Conc#0"                       [id=85136, stack(0x000000f9a0a00000,0x000000f9a0b00000) (1024K)]
  0x000002709630a2a0 WorkerThread "G1 Conc#1"                       [id=6988, stack(0x000000f9a2f00000,0x000000f9a3000000) (1024K)]
  0x000002709630adb0 WorkerThread "G1 Conc#2"                       [id=82328, stack(0x000000f9a3000000,0x000000f9a3100000) (1024K)]
  0x000002704f1a81c0 ConcurrentGCThread "G1 Refine#0"               [id=97444, stack(0x000000f9a0b00000,0x000000f9a0c00000) (1024K)]
  0x000002704f1a8b50 ConcurrentGCThread "G1 Service"                [id=66684, stack(0x000000f9a0c00000,0x000000f9a0d00000) (1024K)]
Total: 18

Threads with active compile tasks:
C2 CompilerThread0  33129 16622 %     4       org.gradle.internal.instantiation.generator.AbstractClassGenerator::inspectType @ 193 (602 bytes)
Total: 1

VM state: not at safepoint (normal execution)

VM Mutex/Monitor currently owned by a thread: None

Heap address: 0x0000000080000000, size: 2048 MB, Compressed Oops mode: 32-bit

CDS archive(s) mapped at: [0x0000027050000000-0x0000027050d70000-0x0000027050d70000), size 14090240, SharedBaseAddress: 0x0000027050000000, ArchiveRelocationMode: 1.
Compressed class space mapped at: 0x0000027051000000-0x0000027091000000, reserved size: 1073741824
Narrow klass base: 0x0000027050000000, Narrow klass shift: 0, Narrow klass range: 0x41000000

GC Precious Log:
 CardTable entry size: 512
 Card Set container configuration: InlinePtr #cards 5 size 8 Array Of Cards #cards 10 size 36 Howl #buckets 4 coarsen threshold 1843 Howl Bitmap #cards 512 size 80 coarsen threshold 460 Card regions per heap region 1 cards per card region 2048
 CPUs: 12 total, 12 available
 Memory: 7835M
 Large Page Support: Disabled
 NUMA Support: Disabled
 Compressed Oops: Enabled (32-bit)
 Heap Region Size: 1M
 Heap Min Capacity: 8M
 Heap Initial Capacity: 124M
 Heap Max Capacity: 2G
 Pre-touch: Disabled
 Parallel Workers: 10
 Concurrent Workers: 3
 Concurrent Refinement Workers: 10
 Periodic GC: Disabled

Heap:
 garbage-first heap   total reserved 2097152K, committed 229376K, used 168924K [0x0000000080000000, 0x0000000100000000)
  region size 1024K, 35 young (35840K), 7 survivors (7168K)
 Metaspace       used 135310K, committed 137856K, reserved 1179648K
  class space    used 17928K, committed 19136K, reserved 1048576K

Heap Regions: E=young(eden), S=young(survivor), O=old, HS=humongous(starts), HC=humongous(continues), CS=collection set, F=free, TAMS=top-at-mark-start, PB=parsable bottom
|   0|0x0000000080000000, 0x0000000080100000, 0x0000000080100000|100%| O|  |TAMS 0x0000000080000000| PB 0x0000000080000000| Untracked |  0
|   1|0x0000000080100000, 0x0000000080200000, 0x0000000080200000|100%|HS|  |TAMS 0x0000000080100000| PB 0x0000000080100000| Complete |  0
|   2|0x0000000080200000, 0x0000000080300000, 0x0000000080300000|100%|HC|  |TAMS 0x0000000080200000| PB 0x0000000080200000| Complete |  0
|   3|0x0000000080300000, 0x0000000080400000, 0x0000000080400000|100%|HC|  |TAMS 0x0000000080300000| PB 0x0000000080300000| Complete |  0
|   4|0x0000000080400000, 0x0000000080500000, 0x0000000080500000|100%| O|  |TAMS 0x0000000080400000| PB 0x0000000080400000| Untracked |  0
|   5|0x0000000080500000, 0x0000000080600000, 0x0000000080600000|100%| O|  |TAMS 0x0000000080500000| PB 0x0000000080500000| Untracked |  0
|   6|0x0000000080600000, 0x0000000080700000, 0x0000000080700000|100%| O|  |TAMS 0x0000000080600000| PB 0x0000000080600000| Untracked |  0
|   7|0x0000000080700000, 0x0000000080800000, 0x0000000080800000|100%|HS|  |TAMS 0x0000000080700000| PB 0x0000000080700000| Complete |  0
|   8|0x0000000080800000, 0x0000000080900000, 0x0000000080900000|100%| O|  |TAMS 0x0000000080800000| PB 0x0000000080800000| Untracked |  0
|   9|0x0000000080900000, 0x0000000080a00000, 0x0000000080a00000|100%| O|  |TAMS 0x0000000080900000| PB 0x0000000080900000| Untracked |  0
|  10|0x0000000080a00000, 0x0000000080b00000, 0x0000000080b00000|100%| O|  |TAMS 0x0000000080a00000| PB 0x0000000080a00000| Untracked |  0
|  11|0x0000000080b00000, 0x0000000080c00000, 0x0000000080c00000|100%| O|  |TAMS 0x0000000080b00000| PB 0x0000000080b00000| Untracked |  0
|  12|0x0000000080c00000, 0x0000000080d00000, 0x0000000080d00000|100%| O|  |TAMS 0x0000000080c00000| PB 0x0000000080c00000| Untracked |  0
|  13|0x0000000080d00000, 0x0000000080e00000, 0x0000000080e00000|100%| O|  |TAMS 0x0000000080d00000| PB 0x0000000080d00000| Untracked |  0
|  14|0x0000000080e00000, 0x0000000080f00000, 0x0000000080f00000|100%| O|  |TAMS 0x0000000080e00000| PB 0x0000000080e00000| Untracked |  0
|  15|0x0000000080f00000, 0x0000000081000000, 0x0000000081000000|100%| O|  |TAMS 0x0000000080f00000| PB 0x0000000080f00000| Untracked |  0
|  16|0x0000000081000000, 0x0000000081100000, 0x0000000081100000|100%| O|  |TAMS 0x0000000081000000| PB 0x0000000081000000| Untracked |  0
|  17|0x0000000081100000, 0x0000000081200000, 0x0000000081200000|100%| O|  |TAMS 0x0000000081100000| PB 0x0000000081100000| Untracked |  0
|  18|0x0000000081200000, 0x0000000081300000, 0x0000000081300000|100%| O|  |TAMS 0x0000000081200000| PB 0x0000000081200000| Untracked |  0
|  19|0x0000000081300000, 0x0000000081400000, 0x0000000081400000|100%| O|  |TAMS 0x0000000081300000| PB 0x0000000081300000| Untracked |  0
|  20|0x0000000081400000, 0x0000000081500000, 0x0000000081500000|100%|HS|  |TAMS 0x0000000081400000| PB 0x0000000081400000| Complete |  0
|  21|0x0000000081500000, 0x0000000081600000, 0x0000000081600000|100%| O|  |TAMS 0x0000000081500000| PB 0x0000000081500000| Untracked |  0
|  22|0x0000000081600000, 0x0000000081700000, 0x0000000081700000|100%|HS|  |TAMS 0x0000000081600000| PB 0x0000000081600000| Complete |  0
|  23|0x0000000081700000, 0x0000000081800000, 0x0000000081800000|100%| O|  |TAMS 0x0000000081700000| PB 0x0000000081700000| Untracked |  0
|  24|0x0000000081800000, 0x0000000081900000, 0x0000000081900000|100%| O|  |TAMS 0x0000000081800000| PB 0x0000000081800000| Untracked |  0
|  25|0x0000000081900000, 0x0000000081a00000, 0x0000000081a00000|100%| O|  |TAMS 0x0000000081900000| PB 0x0000000081900000| Untracked |  0
|  26|0x0000000081a00000, 0x0000000081b00000, 0x0000000081b00000|100%| O|  |TAMS 0x0000000081a00000| PB 0x0000000081a00000| Untracked |  0
|  27|0x0000000081b00000, 0x0000000081c00000, 0x0000000081c00000|100%| O|  |TAMS 0x0000000081b00000| PB 0x0000000081b00000| Untracked |  0
|  28|0x0000000081c00000, 0x0000000081d00000, 0x0000000081d00000|100%| O|  |TAMS 0x0000000081c00000| PB 0x0000000081c00000| Untracked |  0
|  29|0x0000000081d00000, 0x0000000081e00000, 0x0000000081e00000|100%| O|  |TAMS 0x0000000081d00000| PB 0x0000000081d00000| Untracked |  0
|  30|0x0000000081e00000, 0x0000000081f00000, 0x0000000081f00000|100%| O|  |TAMS 0x0000000081e00000| PB 0x0000000081e00000| Untracked |  0
|  31|0x0000000081f00000, 0x0000000082000000, 0x0000000082000000|100%| O|  |TAMS 0x0000000081f00000| PB 0x0000000081f00000| Untracked |  0
|  32|0x0000000082000000, 0x0000000082100000, 0x0000000082100000|100%|HS|  |TAMS 0x0000000082000000| PB 0x0000000082000000| Complete |  0
|  33|0x0000000082100000, 0x0000000082200000, 0x0000000082200000|100%|HC|  |TAMS 0x0000000082100000| PB 0x0000000082100000| Complete |  0
|  34|0x0000000082200000, 0x0000000082300000, 0x0000000082300000|100%|HC|  |TAMS 0x0000000082200000| PB 0x0000000082200000| Complete |  0
|  35|0x0000000082300000, 0x0000000082400000, 0x0000000082400000|100%|HC|  |TAMS 0x0000000082300000| PB 0x0000000082300000| Complete |  0
|  36|0x0000000082400000, 0x0000000082500000, 0x0000000082500000|100%|HC|  |TAMS 0x0000000082400000| PB 0x0000000082400000| Complete |  0
|  37|0x0000000082500000, 0x0000000082600000, 0x0000000082600000|100%|HC|  |TAMS 0x0000000082500000| PB 0x0000000082500000| Complete |  0
|  38|0x0000000082600000, 0x0000000082700000, 0x0000000082700000|100%| O|  |TAMS 0x0000000082600000| PB 0x0000000082600000| Untracked |  0
|  39|0x0000000082700000, 0x0000000082800000, 0x0000000082800000|100%| O|  |TAMS 0x0000000082700000| PB 0x0000000082700000| Untracked |  0
|  40|0x0000000082800000, 0x0000000082900000, 0x0000000082900000|100%| O|  |TAMS 0x0000000082800000| PB 0x0000000082800000| Untracked |  0
|  41|0x0000000082900000, 0x0000000082a00000, 0x0000000082a00000|100%| O|Cm|TAMS 0x0000000082900000| PB 0x0000000082900000| Complete |  0
|  42|0x0000000082a00000, 0x0000000082b00000, 0x0000000082b00000|100%| O|  |TAMS 0x0000000082a00000| PB 0x0000000082a00000| Untracked |  0
|  43|0x0000000082b00000, 0x0000000082c00000, 0x0000000082c00000|100%| O|  |TAMS 0x0000000082b00000| PB 0x0000000082b00000| Untracked |  0
|  44|0x0000000082c00000, 0x0000000082d00000, 0x0000000082d00000|100%| O|  |TAMS 0x0000000082c00000| PB 0x0000000082c00000| Untracked |  0
|  45|0x0000000082d00000, 0x0000000082e00000, 0x0000000082e00000|100%| O|  |TAMS 0x0000000082d00000| PB 0x0000000082d00000| Untracked |  0
|  46|0x0000000082e00000, 0x0000000082f00000, 0x0000000082f00000|100%| O|  |TAMS 0x0000000082e00000| PB 0x0000000082e00000| Untracked |  0
|  47|0x0000000082f00000, 0x0000000083000000, 0x0000000083000000|100%| O|  |TAMS 0x0000000082f00000| PB 0x0000000082f00000| Untracked |  0
|  48|0x0000000083000000, 0x0000000083100000, 0x0000000083100000|100%| O|  |TAMS 0x0000000083000000| PB 0x0000000083000000| Untracked |  0
|  49|0x0000000083100000, 0x0000000083200000, 0x0000000083200000|100%| O|  |TAMS 0x0000000083100000| PB 0x0000000083100000| Untracked |  0
|  50|0x0000000083200000, 0x0000000083300000, 0x0000000083300000|100%| O|  |TAMS 0x0000000083200000| PB 0x0000000083200000| Untracked |  0
|  51|0x0000000083300000, 0x0000000083400000, 0x0000000083400000|100%| O|  |TAMS 0x0000000083300000| PB 0x0000000083300000| Untracked |  0
|  52|0x0000000083400000, 0x0000000083500000, 0x0000000083500000|100%| O|  |TAMS 0x0000000083400000| PB 0x0000000083400000| Untracked |  0
|  53|0x0000000083500000, 0x0000000083600000, 0x0000000083600000|100%| O|  |TAMS 0x0000000083500000| PB 0x0000000083500000| Untracked |  0
|  54|0x0000000083600000, 0x0000000083700000, 0x0000000083700000|100%| O|  |TAMS 0x0000000083600000| PB 0x0000000083600000| Untracked |  0
|  55|0x0000000083700000, 0x0000000083800000, 0x0000000083800000|100%| O|  |TAMS 0x0000000083700000| PB 0x0000000083700000| Untracked |  0
|  56|0x0000000083800000, 0x0000000083900000, 0x0000000083900000|100%| O|  |TAMS 0x0000000083800000| PB 0x0000000083800000| Untracked |  0
|  57|0x0000000083900000, 0x0000000083a00000, 0x0000000083a00000|100%| O|  |TAMS 0x0000000083900000| PB 0x0000000083900000| Untracked |  0
|  58|0x0000000083a00000, 0x0000000083b00000, 0x0000000083b00000|100%| O|  |TAMS 0x0000000083a00000| PB 0x0000000083a00000| Untracked |  0
|  59|0x0000000083b00000, 0x0000000083c00000, 0x0000000083c00000|100%|HS|  |TAMS 0x0000000083b00000| PB 0x0000000083b00000| Complete |  0
|  60|0x0000000083c00000, 0x0000000083d00000, 0x0000000083d00000|100%| O|  |TAMS 0x0000000083c00000| PB 0x0000000083c00000| Untracked |  0
|  61|0x0000000083d00000, 0x0000000083e00000, 0x0000000083e00000|100%| O|  |TAMS 0x0000000083d00000| PB 0x0000000083d00000| Untracked |  0
|  62|0x0000000083e00000, 0x0000000083f00000, 0x0000000083f00000|100%| O|  |TAMS 0x0000000083e00000| PB 0x0000000083e00000| Untracked |  0
|  63|0x0000000083f00000, 0x0000000084000000, 0x0000000084000000|100%| O|  |TAMS 0x0000000083f00000| PB 0x0000000083f00000| Untracked |  0
|  64|0x0000000084000000, 0x0000000084100000, 0x0000000084100000|100%| O|  |TAMS 0x0000000084000000| PB 0x0000000084000000| Untracked |  0
|  65|0x0000000084100000, 0x0000000084200000, 0x0000000084200000|100%| O|  |TAMS 0x0000000084100000| PB 0x0000000084100000| Untracked |  0
|  66|0x0000000084200000, 0x0000000084300000, 0x0000000084300000|100%| O|  |TAMS 0x0000000084200000| PB 0x0000000084200000| Untracked |  0
|  67|0x0000000084300000, 0x0000000084400000, 0x0000000084400000|100%| O|  |TAMS 0x0000000084300000| PB 0x0000000084300000| Untracked |  0
|  68|0x0000000084400000, 0x0000000084500000, 0x0000000084500000|100%| O|  |TAMS 0x0000000084400000| PB 0x0000000084400000| Untracked |  0
|  69|0x0000000084500000, 0x0000000084600000, 0x0000000084600000|100%| O|  |TAMS 0x0000000084500000| PB 0x0000000084500000| Untracked |  0
|  70|0x0000000084600000, 0x0000000084700000, 0x0000000084700000|100%| O|  |TAMS 0x0000000084600000| PB 0x0000000084600000| Untracked |  0
|  71|0x0000000084700000, 0x0000000084800000, 0x0000000084800000|100%|HS|  |TAMS 0x0000000084700000| PB 0x0000000084700000| Complete |  0
|  72|0x0000000084800000, 0x0000000084900000, 0x0000000084900000|100%| O|  |TAMS 0x0000000084800000| PB 0x0000000084800000| Untracked |  0
|  73|0x0000000084900000, 0x0000000084a00000, 0x0000000084a00000|100%| O|  |TAMS 0x0000000084900000| PB 0x0000000084900000| Untracked |  0
|  74|0x0000000084a00000, 0x0000000084b00000, 0x0000000084b00000|100%| O|  |TAMS 0x0000000084a00000| PB 0x0000000084a00000| Untracked |  0
|  75|0x0000000084b00000, 0x0000000084c00000, 0x0000000084c00000|100%|HS|  |TAMS 0x0000000084b00000| PB 0x0000000084b00000| Complete |  0
|  76|0x0000000084c00000, 0x0000000084d00000, 0x0000000084d00000|100%|HS|  |TAMS 0x0000000084c00000| PB 0x0000000084c00000| Complete |  0
|  77|0x0000000084d00000, 0x0000000084e00000, 0x0000000084e00000|100%| O|  |TAMS 0x0000000084d00000| PB 0x0000000084d00000| Untracked |  0
|  78|0x0000000084e00000, 0x0000000084f00000, 0x0000000084f00000|100%| O|  |TAMS 0x0000000084e00000| PB 0x0000000084e00000| Untracked |  0
|  79|0x0000000084f00000, 0x0000000085000000, 0x0000000085000000|100%|HS|  |TAMS 0x0000000084f00000| PB 0x0000000084f00000| Complete |  0
|  80|0x0000000085000000, 0x0000000085100000, 0x0000000085100000|100%| O|  |TAMS 0x0000000085000000| PB 0x0000000085000000| Untracked |  0
|  81|0x0000000085100000, 0x0000000085200000, 0x0000000085200000|100%| O|  |TAMS 0x0000000085100000| PB 0x0000000085100000| Untracked |  0
|  82|0x0000000085200000, 0x0000000085300000, 0x0000000085300000|100%| O|  |TAMS 0x0000000085200000| PB 0x0000000085200000| Untracked |  0
|  83|0x0000000085300000, 0x0000000085400000, 0x0000000085400000|100%| O|  |TAMS 0x0000000085300000| PB 0x0000000085300000| Untracked |  0
|  84|0x0000000085400000, 0x0000000085500000, 0x0000000085500000|100%| O|  |TAMS 0x0000000085400000| PB 0x0000000085400000| Untracked |  0
|  85|0x0000000085500000, 0x0000000085600000, 0x0000000085600000|100%| O|Cm|TAMS 0x0000000085500000| PB 0x0000000085500000| Complete |  0
|  86|0x0000000085600000, 0x0000000085700000, 0x0000000085700000|100%| O|  |TAMS 0x0000000085600000| PB 0x0000000085600000| Untracked |  0
|  87|0x0000000085700000, 0x0000000085800000, 0x0000000085800000|100%| O|Cm|TAMS 0x0000000085700000| PB 0x0000000085700000| Complete |  0
|  88|0x0000000085800000, 0x0000000085900000, 0x0000000085900000|100%| O|Cm|TAMS 0x0000000085800000| PB 0x0000000085800000| Complete |  0
|  89|0x0000000085900000, 0x0000000085a00000, 0x0000000085a00000|100%| O|  |TAMS 0x0000000085900000| PB 0x0000000085900000| Untracked |  0
|  90|0x0000000085a00000, 0x0000000085b00000, 0x0000000085b00000|100%| O|  |TAMS 0x0000000085a00000| PB 0x0000000085a00000| Untracked |  0
|  91|0x0000000085b00000, 0x0000000085c00000, 0x0000000085c00000|100%| O|  |TAMS 0x0000000085b00000| PB 0x0000000085b00000| Untracked |  0
|  92|0x0000000085c00000, 0x0000000085d00000, 0x0000000085d00000|100%| O|  |TAMS 0x0000000085c00000| PB 0x0000000085c00000| Untracked |  0
|  93|0x0000000085d00000, 0x0000000085e00000, 0x0000000085e00000|100%| O|  |TAMS 0x0000000085d00000| PB 0x0000000085d00000| Untracked |  0
|  94|0x0000000085e00000, 0x0000000085f00000, 0x0000000085f00000|100%| O|  |TAMS 0x0000000085e00000| PB 0x0000000085e00000| Untracked |  0
|  95|0x0000000085f00000, 0x0000000086000000, 0x0000000086000000|100%| O|  |TAMS 0x0000000085f00000| PB 0x0000000085f00000| Untracked |  0
|  96|0x0000000086000000, 0x0000000086100000, 0x0000000086100000|100%| O|  |TAMS 0x0000000086000000| PB 0x0000000086000000| Untracked |  0
|  97|0x0000000086100000, 0x0000000086200000, 0x0000000086200000|100%| O|  |TAMS 0x0000000086100000| PB 0x0000000086100000| Untracked |  0
|  98|0x0000000086200000, 0x0000000086300000, 0x0000000086300000|100%|HS|  |TAMS 0x0000000086200000| PB 0x0000000086200000| Complete |  0
|  99|0x0000000086300000, 0x0000000086400000, 0x0000000086400000|100%| O|  |TAMS 0x0000000086300000| PB 0x0000000086300000| Untracked |  0
| 100|0x0000000086400000, 0x0000000086500000, 0x0000000086500000|100%| O|  |TAMS 0x0000000086400000| PB 0x0000000086400000| Untracked |  0
| 101|0x0000000086500000, 0x0000000086600000, 0x0000000086600000|100%| O|  |TAMS 0x0000000086500000| PB 0x0000000086500000| Untracked |  0
| 102|0x0000000086600000, 0x0000000086700000, 0x0000000086700000|100%| O|  |TAMS 0x0000000086600000| PB 0x0000000086600000| Untracked |  0
| 103|0x0000000086700000, 0x0000000086800000, 0x0000000086800000|100%| O|  |TAMS 0x0000000086700000| PB 0x0000000086700000| Untracked |  0
| 104|0x0000000086800000, 0x0000000086900000, 0x0000000086900000|100%| O|  |TAMS 0x0000000086800000| PB 0x0000000086800000| Untracked |  0
| 105|0x0000000086900000, 0x0000000086a00000, 0x0000000086a00000|100%| O|  |TAMS 0x0000000086900000| PB 0x0000000086900000| Untracked |  0
| 106|0x0000000086a00000, 0x0000000086b00000, 0x0000000086b00000|100%| O|  |TAMS 0x0000000086a00000| PB 0x0000000086a00000| Untracked |  0
| 107|0x0000000086b00000, 0x0000000086c00000, 0x0000000086c00000|100%| O|  |TAMS 0x0000000086b00000| PB 0x0000000086b00000| Untracked |  0
| 108|0x0000000086c00000, 0x0000000086d00000, 0x0000000086d00000|100%| O|  |TAMS 0x0000000086c00000| PB 0x0000000086c00000| Untracked |  0
| 109|0x0000000086d00000, 0x0000000086e00000, 0x0000000086e00000|100%| O|  |TAMS 0x0000000086d00000| PB 0x0000000086d00000| Untracked |  0
| 110|0x0000000086e00000, 0x0000000086f00000, 0x0000000086f00000|100%| O|  |TAMS 0x0000000086e00000| PB 0x0000000086e00000| Untracked |  0
| 111|0x0000000086f00000, 0x0000000087000000, 0x0000000087000000|100%| O|  |TAMS 0x0000000086f00000| PB 0x0000000086f00000| Untracked |  0
| 112|0x0000000087000000, 0x0000000087100000, 0x0000000087100000|100%| O|  |TAMS 0x0000000087000000| PB 0x0000000087000000| Untracked |  0
| 113|0x0000000087100000, 0x0000000087200000, 0x0000000087200000|100%| O|  |TAMS 0x0000000087100000| PB 0x0000000087100000| Untracked |  0
| 114|0x0000000087200000, 0x0000000087300000, 0x0000000087300000|100%| O|  |TAMS 0x0000000087200000| PB 0x0000000087200000| Untracked |  0
| 115|0x0000000087300000, 0x0000000087400000, 0x0000000087400000|100%| O|  |TAMS 0x0000000087300000| PB 0x0000000087300000| Untracked |  0
| 116|0x0000000087400000, 0x0000000087500000, 0x0000000087500000|100%| O|  |TAMS 0x0000000087400000| PB 0x0000000087400000| Untracked |  0
| 117|0x0000000087500000, 0x0000000087600000, 0x0000000087600000|100%| O|  |TAMS 0x0000000087500000| PB 0x0000000087500000| Untracked |  0
| 118|0x0000000087600000, 0x0000000087700000, 0x0000000087700000|100%| O|  |TAMS 0x0000000087600000| PB 0x0000000087600000| Untracked |  0
| 119|0x0000000087700000, 0x0000000087800000, 0x0000000087800000|100%| O|  |TAMS 0x0000000087700000| PB 0x0000000087700000| Untracked |  0
| 120|0x0000000087800000, 0x0000000087900000, 0x0000000087900000|100%| O|  |TAMS 0x0000000087800000| PB 0x0000000087800000| Untracked |  0
| 121|0x0000000087900000, 0x0000000087a00000, 0x0000000087a00000|100%| O|  |TAMS 0x0000000087900000| PB 0x0000000087900000| Untracked |  0
| 122|0x0000000087a00000, 0x0000000087b00000, 0x0000000087b00000|100%| O|Cm|TAMS 0x0000000087a00000| PB 0x0000000087a00000| Complete |  0
| 123|0x0000000087b00000, 0x0000000087c00000, 0x0000000087c00000|100%| O|  |TAMS 0x0000000087b00000| PB 0x0000000087b00000| Untracked |  0
| 124|0x0000000087c00000, 0x0000000087d00000, 0x0000000087d00000|100%| O|  |TAMS 0x0000000087c00000| PB 0x0000000087c00000| Untracked |  0
| 125|0x0000000087d00000, 0x0000000087e00000, 0x0000000087e00000|100%| O|  |TAMS 0x0000000087d00000| PB 0x0000000087d00000| Untracked |  0
| 126|0x0000000087e00000, 0x0000000087f00000, 0x0000000087f00000|100%| O|  |TAMS 0x0000000087e00000| PB 0x0000000087e00000| Untracked |  0
| 127|0x0000000087f00000, 0x0000000087f26510, 0x0000000088000000| 14%| O|  |TAMS 0x0000000087f00000| PB 0x0000000087f00000| Untracked |  0
| 128|0x0000000088000000, 0x0000000088000000, 0x0000000088100000|  0%| F|  |TAMS 0x0000000088000000| PB 0x0000000088000000| Untracked |  0
| 129|0x0000000088100000, 0x0000000088100000, 0x0000000088200000|  0%| F|  |TAMS 0x0000000088100000| PB 0x0000000088100000| Untracked |  0
| 130|0x0000000088200000, 0x0000000088200000, 0x0000000088300000|  0%| F|  |TAMS 0x0000000088200000| PB 0x0000000088200000| Untracked |  0
| 131|0x0000000088300000, 0x0000000088300000, 0x0000000088400000|  0%| F|  |TAMS 0x0000000088300000| PB 0x0000000088300000| Untracked |  0
| 132|0x0000000088400000, 0x0000000088400000, 0x0000000088500000|  0%| F|  |TAMS 0x0000000088400000| PB 0x0000000088400000| Untracked |  0
| 133|0x0000000088500000, 0x0000000088500000, 0x0000000088600000|  0%| F|  |TAMS 0x0000000088500000| PB 0x0000000088500000| Untracked |  0
| 134|0x0000000088600000, 0x0000000088600000, 0x0000000088700000|  0%| F|  |TAMS 0x0000000088600000| PB 0x0000000088600000| Untracked |  0
| 135|0x0000000088700000, 0x0000000088700000, 0x0000000088800000|  0%| F|  |TAMS 0x0000000088700000| PB 0x0000000088700000| Untracked |  0
| 136|0x0000000088800000, 0x0000000088800000, 0x0000000088900000|  0%| F|  |TAMS 0x0000000088800000| PB 0x0000000088800000| Untracked |  0
| 137|0x0000000088900000, 0x0000000088900000, 0x0000000088a00000|  0%| F|  |TAMS 0x0000000088900000| PB 0x0000000088900000| Untracked |  0
| 138|0x0000000088a00000, 0x0000000088a00000, 0x0000000088b00000|  0%| F|  |TAMS 0x0000000088a00000| PB 0x0000000088a00000| Untracked |  0
| 139|0x0000000088b00000, 0x0000000088b00000, 0x0000000088c00000|  0%| F|  |TAMS 0x0000000088b00000| PB 0x0000000088b00000| Untracked |  0
| 140|0x0000000088c00000, 0x0000000088c00000, 0x0000000088d00000|  0%| F|  |TAMS 0x0000000088c00000| PB 0x0000000088c00000| Untracked |  0
| 141|0x0000000088d00000, 0x0000000088d00000, 0x0000000088e00000|  0%| F|  |TAMS 0x0000000088d00000| PB 0x0000000088d00000| Untracked |  0
| 142|0x0000000088e00000, 0x0000000088e00000, 0x0000000088f00000|  0%| F|  |TAMS 0x0000000088e00000| PB 0x0000000088e00000| Untracked |  0
| 143|0x0000000088f00000, 0x0000000088f00000, 0x0000000089000000|  0%| F|  |TAMS 0x0000000088f00000| PB 0x0000000088f00000| Untracked |  0
| 144|0x0000000089000000, 0x0000000089000000, 0x0000000089100000|  0%| F|  |TAMS 0x0000000089000000| PB 0x0000000089000000| Untracked |  0
| 145|0x0000000089100000, 0x0000000089100000, 0x0000000089200000|  0%| F|  |TAMS 0x0000000089100000| PB 0x0000000089100000| Untracked |  0
| 146|0x0000000089200000, 0x0000000089200000, 0x0000000089300000|  0%| F|  |TAMS 0x0000000089200000| PB 0x0000000089200000| Untracked |  0
| 147|0x0000000089300000, 0x0000000089300000, 0x0000000089400000|  0%| F|  |TAMS 0x0000000089300000| PB 0x0000000089300000| Untracked |  0
| 148|0x0000000089400000, 0x0000000089400000, 0x0000000089500000|  0%| F|  |TAMS 0x0000000089400000| PB 0x0000000089400000| Untracked |  0
| 149|0x0000000089500000, 0x0000000089500000, 0x0000000089600000|  0%| F|  |TAMS 0x0000000089500000| PB 0x0000000089500000| Untracked |  0
| 150|0x0000000089600000, 0x0000000089600000, 0x0000000089700000|  0%| F|  |TAMS 0x0000000089600000| PB 0x0000000089600000| Untracked |  0
| 151|0x0000000089700000, 0x0000000089700000, 0x0000000089800000|  0%| F|  |TAMS 0x0000000089700000| PB 0x0000000089700000| Untracked |  0
| 152|0x0000000089800000, 0x0000000089800000, 0x0000000089900000|  0%| F|  |TAMS 0x0000000089800000| PB 0x0000000089800000| Untracked |  0
| 153|0x0000000089900000, 0x0000000089900000, 0x0000000089a00000|  0%| F|  |TAMS 0x0000000089900000| PB 0x0000000089900000| Untracked |  0
| 154|0x0000000089a00000, 0x0000000089a00000, 0x0000000089b00000|  0%| F|  |TAMS 0x0000000089a00000| PB 0x0000000089a00000| Untracked |  0
| 155|0x0000000089b00000, 0x0000000089b00000, 0x0000000089c00000|  0%| F|  |TAMS 0x0000000089b00000| PB 0x0000000089b00000| Untracked |  0
| 156|0x0000000089c00000, 0x0000000089c00000, 0x0000000089d00000|  0%| F|  |TAMS 0x0000000089c00000| PB 0x0000000089c00000| Untracked |  0
| 157|0x0000000089d00000, 0x0000000089d00000, 0x0000000089e00000|  0%| F|  |TAMS 0x0000000089d00000| PB 0x0000000089d00000| Untracked |  0
| 158|0x0000000089e00000, 0x0000000089ed0cf8, 0x0000000089f00000| 81%| S|CS|TAMS 0x0000000089e00000| PB 0x0000000089e00000| Complete |  0
| 159|0x0000000089f00000, 0x000000008a000000, 0x000000008a000000|100%| S|CS|TAMS 0x0000000089f00000| PB 0x0000000089f00000| Complete |  0
| 160|0x000000008a000000, 0x000000008a100000, 0x000000008a100000|100%| S|CS|TAMS 0x000000008a000000| PB 0x000000008a000000| Complete |  0
| 161|0x000000008a100000, 0x000000008a200000, 0x000000008a200000|100%| S|CS|TAMS 0x000000008a100000| PB 0x000000008a100000| Complete |  0
| 162|0x000000008a200000, 0x000000008a300000, 0x000000008a300000|100%| S|CS|TAMS 0x000000008a200000| PB 0x000000008a200000| Complete |  0
| 163|0x000000008a300000, 0x000000008a400000, 0x000000008a400000|100%| S|CS|TAMS 0x000000008a300000| PB 0x000000008a300000| Complete |  0
| 164|0x000000008a400000, 0x000000008a500000, 0x000000008a500000|100%| S|CS|TAMS 0x000000008a400000| PB 0x000000008a400000| Complete |  0
| 165|0x000000008a500000, 0x000000008a500000, 0x000000008a600000|  0%| F|  |TAMS 0x000000008a500000| PB 0x000000008a500000| Untracked |  0
| 166|0x000000008a600000, 0x000000008a600000, 0x000000008a700000|  0%| F|  |TAMS 0x000000008a600000| PB 0x000000008a600000| Untracked |  0
| 167|0x000000008a700000, 0x000000008a700000, 0x000000008a800000|  0%| F|  |TAMS 0x000000008a700000| PB 0x000000008a700000| Untracked |  0
| 168|0x000000008a800000, 0x000000008a800000, 0x000000008a900000|  0%| F|  |TAMS 0x000000008a800000| PB 0x000000008a800000| Untracked |  0
| 169|0x000000008a900000, 0x000000008a900000, 0x000000008aa00000|  0%| F|  |TAMS 0x000000008a900000| PB 0x000000008a900000| Untracked |  0
| 170|0x000000008aa00000, 0x000000008aa00000, 0x000000008ab00000|  0%| F|  |TAMS 0x000000008aa00000| PB 0x000000008aa00000| Untracked |  0
| 171|0x000000008ab00000, 0x000000008ab00000, 0x000000008ac00000|  0%| F|  |TAMS 0x000000008ab00000| PB 0x000000008ab00000| Untracked |  0
| 172|0x000000008ac00000, 0x000000008ac00000, 0x000000008ad00000|  0%| F|  |TAMS 0x000000008ac00000| PB 0x000000008ac00000| Untracked |  0
| 173|0x000000008ad00000, 0x000000008ad00000, 0x000000008ae00000|  0%| F|  |TAMS 0x000000008ad00000| PB 0x000000008ad00000| Untracked |  0
| 174|0x000000008ae00000, 0x000000008ae00000, 0x000000008af00000|  0%| F|  |TAMS 0x000000008ae00000| PB 0x000000008ae00000| Untracked |  0
| 175|0x000000008af00000, 0x000000008af00000, 0x000000008b000000|  0%| F|  |TAMS 0x000000008af00000| PB 0x000000008af00000| Untracked |  0
| 176|0x000000008b000000, 0x000000008b000000, 0x000000008b100000|  0%| F|  |TAMS 0x000000008b000000| PB 0x000000008b000000| Untracked |  0
| 177|0x000000008b100000, 0x000000008b100000, 0x000000008b200000|  0%| F|  |TAMS 0x000000008b100000| PB 0x000000008b100000| Untracked |  0
| 178|0x000000008b200000, 0x000000008b200000, 0x000000008b300000|  0%| F|  |TAMS 0x000000008b200000| PB 0x000000008b200000| Untracked |  0
| 179|0x000000008b300000, 0x000000008b300000, 0x000000008b400000|  0%| F|  |TAMS 0x000000008b300000| PB 0x000000008b300000| Untracked |  0
| 180|0x000000008b400000, 0x000000008b400000, 0x000000008b500000|  0%| F|  |TAMS 0x000000008b400000| PB 0x000000008b400000| Untracked |  0
| 181|0x000000008b500000, 0x000000008b500000, 0x000000008b600000|  0%| F|  |TAMS 0x000000008b500000| PB 0x000000008b500000| Untracked |  0
| 182|0x000000008b600000, 0x000000008b600000, 0x000000008b700000|  0%| F|  |TAMS 0x000000008b600000| PB 0x000000008b600000| Untracked |  0
| 183|0x000000008b700000, 0x000000008b700000, 0x000000008b800000|  0%| F|  |TAMS 0x000000008b700000| PB 0x000000008b700000| Untracked |  0
| 184|0x000000008b800000, 0x000000008b800000, 0x000000008b900000|  0%| F|  |TAMS 0x000000008b800000| PB 0x000000008b800000| Untracked |  0
| 185|0x000000008b900000, 0x000000008b900000, 0x000000008ba00000|  0%| F|  |TAMS 0x000000008b900000| PB 0x000000008b900000| Untracked |  0
| 186|0x000000008ba00000, 0x000000008ba00000, 0x000000008bb00000|  0%| F|  |TAMS 0x000000008ba00000| PB 0x000000008ba00000| Untracked |  0
| 187|0x000000008bb00000, 0x000000008bb00000, 0x000000008bc00000|  0%| F|  |TAMS 0x000000008bb00000| PB 0x000000008bb00000| Untracked |  0
| 188|0x000000008bc00000, 0x000000008bc00000, 0x000000008bd00000|  0%| F|  |TAMS 0x000000008bc00000| PB 0x000000008bc00000| Untracked |  0
| 189|0x000000008bd00000, 0x000000008bd00000, 0x000000008be00000|  0%| F|  |TAMS 0x000000008bd00000| PB 0x000000008bd00000| Untracked |  0
| 190|0x000000008be00000, 0x000000008be00000, 0x000000008bf00000|  0%| F|  |TAMS 0x000000008be00000| PB 0x000000008be00000| Untracked |  0
| 191|0x000000008bf00000, 0x000000008bf80000, 0x000000008c000000| 50%| E|  |TAMS 0x000000008bf00000| PB 0x000000008bf00000| Complete |  0
| 192|0x000000008c000000, 0x000000008c100000, 0x000000008c100000|100%| E|CS|TAMS 0x000000008c000000| PB 0x000000008c000000| Complete |  0
| 193|0x000000008c100000, 0x000000008c200000, 0x000000008c200000|100%| E|CS|TAMS 0x000000008c100000| PB 0x000000008c100000| Complete |  0
| 194|0x000000008c200000, 0x000000008c300000, 0x000000008c300000|100%| E|CS|TAMS 0x000000008c200000| PB 0x000000008c200000| Complete |  0
| 195|0x000000008c300000, 0x000000008c400000, 0x000000008c400000|100%| E|CS|TAMS 0x000000008c300000| PB 0x000000008c300000| Complete |  0
| 196|0x000000008c400000, 0x000000008c500000, 0x000000008c500000|100%| E|CS|TAMS 0x000000008c400000| PB 0x000000008c400000| Complete |  0
| 197|0x000000008c500000, 0x000000008c600000, 0x000000008c600000|100%| E|CS|TAMS 0x000000008c500000| PB 0x000000008c500000| Complete |  0
| 198|0x000000008c600000, 0x000000008c700000, 0x000000008c700000|100%| E|CS|TAMS 0x000000008c600000| PB 0x000000008c600000| Complete |  0
| 199|0x000000008c700000, 0x000000008c800000, 0x000000008c800000|100%| E|CS|TAMS 0x000000008c700000| PB 0x000000008c700000| Complete |  0
| 200|0x000000008c800000, 0x000000008c900000, 0x000000008c900000|100%| E|CS|TAMS 0x000000008c800000| PB 0x000000008c800000| Complete |  0
| 201|0x000000008c900000, 0x000000008ca00000, 0x000000008ca00000|100%| E|CS|TAMS 0x000000008c900000| PB 0x000000008c900000| Complete |  0
| 202|0x000000008ca00000, 0x000000008cb00000, 0x000000008cb00000|100%| E|CS|TAMS 0x000000008ca00000| PB 0x000000008ca00000| Complete |  0
| 203|0x000000008cb00000, 0x000000008cc00000, 0x000000008cc00000|100%| E|CS|TAMS 0x000000008cb00000| PB 0x000000008cb00000| Complete |  0
| 204|0x000000008cc00000, 0x000000008cd00000, 0x000000008cd00000|100%| E|CS|TAMS 0x000000008cc00000| PB 0x000000008cc00000| Complete |  0
| 205|0x000000008cd00000, 0x000000008ce00000, 0x000000008ce00000|100%| E|CS|TAMS 0x000000008cd00000| PB 0x000000008cd00000| Complete |  0
| 206|0x000000008ce00000, 0x000000008cf00000, 0x000000008cf00000|100%| E|CS|TAMS 0x000000008ce00000| PB 0x000000008ce00000| Complete |  0
| 207|0x000000008cf00000, 0x000000008d000000, 0x000000008d000000|100%| E|CS|TAMS 0x000000008cf00000| PB 0x000000008cf00000| Complete |  0
| 208|0x000000008d000000, 0x000000008d100000, 0x000000008d100000|100%| E|CS|TAMS 0x000000008d000000| PB 0x000000008d000000| Complete |  0
| 209|0x000000008d100000, 0x000000008d200000, 0x000000008d200000|100%| E|CS|TAMS 0x000000008d100000| PB 0x000000008d100000| Complete |  0
| 210|0x000000008d200000, 0x000000008d300000, 0x000000008d300000|100%| E|CS|TAMS 0x000000008d200000| PB 0x000000008d200000| Complete |  0
| 211|0x000000008d300000, 0x000000008d400000, 0x000000008d400000|100%| E|CS|TAMS 0x000000008d300000| PB 0x000000008d300000| Complete |  0
| 212|0x000000008d400000, 0x000000008d500000, 0x000000008d500000|100%| E|CS|TAMS 0x000000008d400000| PB 0x000000008d400000| Complete |  0
|2037|0x00000000ff500000, 0x00000000ff600000, 0x00000000ff600000|100%| E|CS|TAMS 0x00000000ff500000| PB 0x00000000ff500000| Complete |  0
|2038|0x00000000ff600000, 0x00000000ff700000, 0x00000000ff700000|100%| O|  |TAMS 0x00000000ff600000| PB 0x00000000ff600000| Untracked |  0
|2039|0x00000000ff700000, 0x00000000ff800000, 0x00000000ff800000|100%| O|  |TAMS 0x00000000ff700000| PB 0x00000000ff700000| Untracked |  0
|2040|0x00000000ff800000, 0x00000000ff900000, 0x00000000ff900000|100%| O|  |TAMS 0x00000000ff800000| PB 0x00000000ff800000| Untracked |  0
|2041|0x00000000ff900000, 0x00000000ffa00000, 0x00000000ffa00000|100%| O|  |TAMS 0x00000000ff900000| PB 0x00000000ff900000| Untracked |  0
|2042|0x00000000ffa00000, 0x00000000ffb00000, 0x00000000ffb00000|100%| E|CS|TAMS 0x00000000ffa00000| PB 0x00000000ffa00000| Complete |  0
|2043|0x00000000ffb00000, 0x00000000ffc00000, 0x00000000ffc00000|100%| E|CS|TAMS 0x00000000ffb00000| PB 0x00000000ffb00000| Complete |  0
|2044|0x00000000ffc00000, 0x00000000ffd00000, 0x00000000ffd00000|100%| E|CS|TAMS 0x00000000ffc00000| PB 0x00000000ffc00000| Complete |  0
|2045|0x00000000ffd00000, 0x00000000ffe00000, 0x00000000ffe00000|100%| E|CS|TAMS 0x00000000ffd00000| PB 0x00000000ffd00000| Complete |  0
|2046|0x00000000ffe00000, 0x00000000fff00000, 0x00000000fff00000|100%| O|  |TAMS 0x00000000ffe00000| PB 0x00000000ffe00000| Untracked |  0
|2047|0x00000000fff00000, 0x0000000100000000, 0x0000000100000000|100%| E|CS|TAMS 0x00000000fff00000| PB 0x00000000fff00000| Complete |  0

Card table byte_map: [0x000002704a210000,0x000002704a610000] _byte_map_base: 0x0000027049e10000

Marking Bits: (CMBitMap*) 0x00000270320b84a0
 Bits: [0x000002704a610000, 0x000002704c610000)

Polling page: 0x000002702fe50000

Metaspace:

Usage:
  Non-class:    114.66 MB used.
      Class:     17.51 MB used.
       Both:    132.17 MB used.

Virtual space:
  Non-class space:      128.00 MB reserved,     115.94 MB ( 91%) committed,  2 nodes.
      Class space:        1.00 GB reserved,      18.69 MB (  2%) committed,  1 nodes.
             Both:        1.12 GB reserved,     134.62 MB ( 12%) committed. 

Chunk freelists:
   Non-Class:  11.69 MB
       Class:  13.31 MB
        Both:  25.00 MB

MaxMetaspaceSize: unlimited
CompressedClassSpaceSize: 1.00 GB
Initial GC threshold: 21.00 MB
Current GC threshold: 215.75 MB
CDS: on
 - commit_granule_bytes: 65536.
 - commit_granule_words: 8192.
 - virtual_space_node_default_size: 8388608.
 - enlarge_chunks_in_place: 1.
 - use_allocation_guard: 0.


Internal statistics:

num_allocs_failed_limit: 9.
num_arena_births: 4634.
num_arena_deaths: 0.
num_vsnodes_births: 3.
num_vsnodes_deaths: 0.
num_space_committed: 2154.
num_space_uncommitted: 0.
num_chunks_returned_to_freelist: 9.
num_chunks_taken_from_freelist: 10165.
num_chunk_merges: 9.
num_chunk_splits: 7153.
num_chunks_enlarged: 5044.
num_inconsistent_stats: 0.

CodeHeap 'non-profiled nmethods': size=120064Kb used=6490Kb max_used=6490Kb free=113574Kb
 bounds [0x0000027042260000, 0x00000270428c0000, 0x00000270497a0000]
CodeHeap 'profiled nmethods': size=120000Kb used=23900Kb max_used=23900Kb free=96099Kb
 bounds [0x000002703a7a0000, 0x000002703bf00000, 0x0000027041cd0000]
CodeHeap 'non-nmethods': size=5696Kb used=2348Kb max_used=2397Kb free=3348Kb
 bounds [0x0000027041cd0000, 0x0000027041f40000, 0x0000027042260000]
CodeCache: size=245760Kb, used=32738Kb, max_used=32787Kb, free=213021Kb
 total_blobs=15376, nmethods=14335, adapters=944, full_count=0
Compilation: enabled, stopped_count=0, restarted_count=0

Compilation events (20 events):
Event: 31.815 Thread 0x000002704f316240 nmethod 16620 0x00000270428b4108 code [0x00000270428b4240, 0x00000270428b4750]
Event: 31.815 Thread 0x000002704f316240 16621       4       org.gradle.internal.reflect.PropertyAccessorType::of (101 bytes)
Event: 31.822 Thread 0x000002704f3170a0 16624       1       com.android.build.gradle.internal.services.ProjectServices::getObjectFactory (5 bytes)
Event: 31.823 Thread 0x000002704f3170a0 nmethod 16624 0x00000270428b4808 code [0x00000270428b4920, 0x00000270428b49e8]
Event: 31.828 Thread 0x000002704f316240 nmethod 16621 0x00000270428b4b08 code [0x00000270428b4c80, 0x00000270428b51e0]
Event: 31.828 Thread 0x000002704f316240 16622 %     4       org.gradle.internal.instantiation.generator.AbstractClassGenerator::inspectType @ 193 (602 bytes)
Event: 31.896 Thread 0x000002704f3170a0 16627       1       org.gradle.internal.extensibility.ExtensionsStorage$ExtensionHolder::getPublicType (5 bytes)
Event: 31.896 Thread 0x000002704f3170a0 nmethod 16627 0x00000270428b5308 code [0x00000270428b5420, 0x00000270428b54e8]
Event: 31.934 Thread 0x000002704f3170a0 16628       3       sun.reflect.generics.repository.GenericDeclRepository::computeTypeParameters (73 bytes)
Event: 31.935 Thread 0x000002704f3170a0 nmethod 16628 0x000002703bee6808 code [0x000002703bee69e0, 0x000002703bee7790]
Event: 31.935 Thread 0x000002704f3170a0 16630   !   3       jdk.proxy1.$Proxy18::annotationType (28 bytes)
Event: 31.935 Thread 0x000002704f3170a0 nmethod 16630 0x000002703bee7888 code [0x000002703bee79e0, 0x000002703bee7dc0]
Event: 31.937 Thread 0x000002704f3170a0 16631       3       org.gradle.internal.instantiation.generator.AbstractClassGenerator$ExtensibleTypePropertyHandler::applyTo (273 bytes)
Event: 31.938 Thread 0x000002704f3170a0 nmethod 16631 0x000002703bee7e08 code [0x000002703bee8100, 0x000002703bee97d0]
Event: 31.939 Thread 0x000002704f3170a0 16632       1       org.gradle.internal.instantiation.generator.AbstractClassGenerator$PropertyMetadata::access$2700 (5 bytes)
Event: 31.939 Thread 0x000002704f3170a0 nmethod 16632 0x00000270428b5608 code [0x00000270428b5720, 0x00000270428b57d0]
Event: 32.497 Thread 0x000002704f3170a0 16633       3       javax.management.ObjectName::<init> (15 bytes)
Event: 32.499 Thread 0x000002704f3170a0 nmethod 16633 0x000002703bee9888 code [0x000002703bee99c0, 0x000002703bee9b60]
Event: 32.499 Thread 0x000002704f3170a0 16634       3       sun.management.Util::newObjectName (11 bytes)
Event: 32.940 Thread 0x000002704f3170a0 nmethod 16634 0x000002703bee9b88 code [0x000002703bee9ee0, 0x000002703beebad8]

GC Heap History (20 events):
Event: 23.346 GC heap before
{Heap before GC invocations=38 (full 0):
 garbage-first heap   total reserved 2097152K, committed 158720K, used 140871K [0x0000000080000000, 0x0000000100000000)
  region size 1024K, 57 young (58368K), 5 survivors (5120K)
 Metaspace       used 112967K, committed 115392K, reserved 1179648K
  class space    used 15284K, committed 16448K, reserved 1048576K
}
Event: 23.353 GC heap after
{Heap after GC invocations=39 (full 0):
 garbage-first heap   total reserved 2097152K, committed 158720K, used 90491K [0x0000000080000000, 0x0000000100000000)
  region size 1024K, 5 young (5120K), 5 survivors (5120K)
 Metaspace       used 112967K, committed 115392K, reserved 1179648K
  class space    used 15284K, committed 16448K, reserved 1048576K
}
Event: 24.040 GC heap before
{Heap before GC invocations=40 (full 0):
 garbage-first heap   total reserved 2097152K, committed 158720K, used 145787K [0x0000000080000000, 0x0000000100000000)
  region size 1024K, 56 young (57344K), 5 survivors (5120K)
 Metaspace       used 113132K, committed 115520K, reserved 1179648K
  class space    used 15307K, committed 16448K, reserved 1048576K
}
Event: 24.050 GC heap after
{Heap after GC invocations=41 (full 0):
 garbage-first heap   total reserved 2097152K, committed 163840K, used 101877K [0x0000000080000000, 0x0000000100000000)
  region size 1024K, 7 young (7168K), 7 survivors (7168K)
 Metaspace       used 113132K, committed 115520K, reserved 1179648K
  class space    used 15307K, committed 16448K, reserved 1048576K
}
Event: 24.265 GC heap before
{Heap before GC invocations=41 (full 0):
 garbage-first heap   total reserved 2097152K, committed 163840K, used 148981K [0x0000000080000000, 0x0000000100000000)
  region size 1024K, 49 young (50176K), 7 survivors (7168K)
 Metaspace       used 113246K, committed 115648K, reserved 1179648K
  class space    used 15309K, committed 16448K, reserved 1048576K
}
Event: 24.274 GC heap after
{Heap after GC invocations=42 (full 0):
 garbage-first heap   total reserved 2097152K, committed 198656K, used 107922K [0x0000000080000000, 0x0000000100000000)
  region size 1024K, 6 young (6144K), 6 survivors (6144K)
 Metaspace       used 113246K, committed 115648K, reserved 1179648K
  class space    used 15309K, committed 16448K, reserved 1048576K
}
Event: 25.547 GC heap before
{Heap before GC invocations=42 (full 0):
 garbage-first heap   total reserved 2097152K, committed 198656K, used 178578K [0x0000000080000000, 0x0000000100000000)
  region size 1024K, 71 young (72704K), 6 survivors (6144K)
 Metaspace       used 116539K, committed 118912K, reserved 1179648K
  class space    used 15683K, committed 16832K, reserved 1048576K
}
Event: 25.554 GC heap after
{Heap after GC invocations=43 (full 0):
 garbage-first heap   total reserved 2097152K, committed 198656K, used 120125K [0x0000000080000000, 0x0000000100000000)
  region size 1024K, 9 young (9216K), 9 survivors (9216K)
 Metaspace       used 116539K, committed 118912K, reserved 1179648K
  class space    used 15683K, committed 16832K, reserved 1048576K
}
Event: 26.665 GC heap before
{Heap before GC invocations=43 (full 0):
 garbage-first heap   total reserved 2097152K, committed 198656K, used 175421K [0x0000000080000000, 0x0000000100000000)
  region size 1024K, 63 young (64512K), 9 survivors (9216K)
 Metaspace       used 123091K, committed 125504K, reserved 1179648K
  class space    used 16429K, committed 17600K, reserved 1048576K
}
Event: 26.671 GC heap after
{Heap after GC invocations=44 (full 0):
 garbage-first heap   total reserved 2097152K, committed 198656K, used 122538K [0x0000000080000000, 0x0000000100000000)
  region size 1024K, 3 young (3072K), 3 survivors (3072K)
 Metaspace       used 123091K, committed 125504K, reserved 1179648K
  class space    used 16429K, committed 17600K, reserved 1048576K
}
Event: 27.016 GC heap before
{Heap before GC invocations=44 (full 0):
 garbage-first heap   total reserved 2097152K, committed 198656K, used 138922K [0x0000000080000000, 0x0000000100000000)
  region size 1024K, 20 young (20480K), 3 survivors (3072K)
 Metaspace       used 125438K, committed 127936K, reserved 1179648K
  class space    used 16756K, committed 17920K, reserved 1048576K
}
Event: 27.019 GC heap after
{Heap after GC invocations=45 (full 0):
 garbage-first heap   total reserved 2097152K, committed 198656K, used 124226K [0x0000000080000000, 0x0000000100000000)
  region size 1024K, 4 young (4096K), 4 survivors (4096K)
 Metaspace       used 125438K, committed 127936K, reserved 1179648K
  class space    used 16756K, committed 17920K, reserved 1048576K
}
Event: 27.940 GC heap before
{Heap before GC invocations=46 (full 0):
 garbage-first heap   total reserved 2097152K, committed 211968K, used 183618K [0x0000000080000000, 0x0000000100000000)
  region size 1024K, 59 young (60416K), 4 survivors (4096K)
 Metaspace       used 128484K, committed 131008K, reserved 1179648K
  class space    used 17192K, committed 18368K, reserved 1048576K
}
Event: 27.949 GC heap after
{Heap after GC invocations=47 (full 0):
 garbage-first heap   total reserved 2097152K, committed 211968K, used 127454K [0x0000000080000000, 0x0000000100000000)
  region size 1024K, 8 young (8192K), 8 survivors (8192K)
 Metaspace       used 128484K, committed 131008K, reserved 1179648K
  class space    used 17192K, committed 18368K, reserved 1048576K
}
Event: 28.687 GC heap before
{Heap before GC invocations=47 (full 0):
 garbage-first heap   total reserved 2097152K, committed 211968K, used 189918K [0x0000000080000000, 0x0000000100000000)
  region size 1024K, 68 young (69632K), 8 survivors (8192K)
 Metaspace       used 129826K, committed 132352K, reserved 1179648K
  class space    used 17354K, committed 18560K, reserved 1048576K
}
Event: 28.699 GC heap after
{Heap after GC invocations=48 (full 0):
 garbage-first heap   total reserved 2097152K, committed 211968K, used 129697K [0x0000000080000000, 0x0000000100000000)
  region size 1024K, 9 young (9216K), 9 survivors (9216K)
 Metaspace       used 129826K, committed 132352K, reserved 1179648K
  class space    used 17354K, committed 18560K, reserved 1048576K
}
Event: 29.508 GC heap before
{Heap before GC invocations=48 (full 0):
 garbage-first heap   total reserved 2097152K, committed 211968K, used 189089K [0x0000000080000000, 0x0000000100000000)
  region size 1024K, 67 young (68608K), 9 survivors (9216K)
 Metaspace       used 129943K, committed 132480K, reserved 1179648K
  class space    used 17354K, committed 18560K, reserved 1048576K
}
Event: 29.516 GC heap after
{Heap after GC invocations=49 (full 0):
 garbage-first heap   total reserved 2097152K, committed 211968K, used 135593K [0x0000000080000000, 0x0000000100000000)
  region size 1024K, 7 young (7168K), 7 survivors (7168K)
 Metaspace       used 129943K, committed 132480K, reserved 1179648K
  class space    used 17354K, committed 18560K, reserved 1048576K
}
Event: 31.599 GC heap before
{Heap before GC invocations=50 (full 0):
 garbage-first heap   total reserved 2097152K, committed 229376K, used 190889K [0x0000000080000000, 0x0000000100000000)
  region size 1024K, 61 young (62464K), 7 survivors (7168K)
 Metaspace       used 133273K, committed 135808K, reserved 1179648K
  class space    used 17628K, committed 18816K, reserved 1048576K
}
Event: 31.607 GC heap after
{Heap after GC invocations=51 (full 0):
 garbage-first heap   total reserved 2097152K, committed 229376K, used 142300K [0x0000000080000000, 0x0000000100000000)
  region size 1024K, 7 young (7168K), 7 survivors (7168K)
 Metaspace       used 133273K, committed 135808K, reserved 1179648K
  class space    used 17628K, committed 18816K, reserved 1048576K
}

Dll operation events (15 events):
Event: 0.022 Loaded shared library C:\Program Files\Java\jdk-23\bin\java.dll
Event: 0.061 Loaded shared library C:\Program Files\Java\jdk-23\bin\jsvml.dll
Event: 0.120 Loaded shared library C:\Program Files\Java\jdk-23\bin\zip.dll
Event: 0.127 Loaded shared library C:\Program Files\Java\jdk-23\bin\instrument.dll
Event: 0.133 Loaded shared library C:\Program Files\Java\jdk-23\bin\net.dll
Event: 0.137 Loaded shared library C:\Program Files\Java\jdk-23\bin\nio.dll
Event: 0.142 Loaded shared library C:\Program Files\Java\jdk-23\bin\zip.dll
Event: 0.513 Loaded shared library C:\Program Files\Java\jdk-23\bin\jimage.dll
Event: 0.647 Loaded shared library C:\Program Files\Java\jdk-23\bin\verify.dll
Event: 0.776 Loaded shared library C:\Users\reyes\.gradle\native\1def1411415f61bf3af743bc5b6707747c0891f09f0c88961ee8f79bc544acac\windows-amd64\native-platform.dll
Event: 0.798 Loaded shared library C:\Users\reyes\.gradle\native\0.2.7\x86_64-windows-gnu\gradle-fileevents.dll
Event: 2.432 Loaded shared library C:\Program Files\Java\jdk-23\bin\management.dll
Event: 2.435 Loaded shared library C:\Program Files\Java\jdk-23\bin\management_ext.dll
Event: 2.627 Loaded shared library C:\Program Files\Java\jdk-23\bin\extnet.dll
Event: 2.887 Loaded shared library C:\Program Files\Java\jdk-23\bin\sunmscapi.dll

Deoptimization events (20 events):
Event: 31.133 Thread 0x0000027095a96be0 DEOPT PACKING pc=0x000002704271f8f4 sp=0x000000f9a25f8550
Event: 31.133 Thread 0x0000027095a96be0 DEOPT UNPACKING pc=0x0000027041d24402 sp=0x000000f9a25f8518 mode 2
Event: 31.419 Thread 0x0000027095a96be0 Uncommon trap: trap_request=0xfffffff4 fr.pc=0x00000270428201e4 relative=0x0000000000000064
Event: 31.419 Thread 0x0000027095a96be0 Uncommon trap: reason=null_check action=make_not_entrant pc=0x00000270428201e4 method=java.lang.Class.isAnnotation()Z @ 1 c2
Event: 31.419 Thread 0x0000027095a96be0 DEOPT PACKING pc=0x00000270428201e4 sp=0x000000f9a25f83d0
Event: 31.419 Thread 0x0000027095a96be0 DEOPT UNPACKING pc=0x0000027041d24402 sp=0x000000f9a25f8360 mode 2
Event: 31.489 Thread 0x0000027095a96be0 Uncommon trap: trap_request=0xffffff45 fr.pc=0x0000027042815f50 relative=0x00000000000010f0
Event: 31.489 Thread 0x0000027095a96be0 Uncommon trap: reason=unstable_if action=reinterpret pc=0x0000027042815f50 method=sun.reflect.annotation.AnnotationParser.parseConst(ILjava/nio/ByteBuffer;Ljdk/internal/reflect/ConstantPool;)Ljava/lang/Object; @ 9 c2
Event: 31.489 Thread 0x0000027095a96be0 DEOPT PACKING pc=0x0000027042815f50 sp=0x000000f9a25f7fa0
Event: 31.489 Thread 0x0000027095a96be0 DEOPT UNPACKING pc=0x0000027041d24402 sp=0x000000f9a25f7ee8 mode 2
Event: 31.490 Thread 0x0000027095a96be0 Uncommon trap: trap_request=0xffffff45 fr.pc=0x0000027042286350 relative=0x0000000000000470
Event: 31.490 Thread 0x0000027095a96be0 Uncommon trap: reason=unstable_if action=reinterpret pc=0x0000027042286350 method=jdk.internal.constant.ConstantUtils.skipOverFieldSignature(Ljava/lang/String;IIZ)I @ 18 c2
Event: 31.490 Thread 0x0000027095a96be0 DEOPT PACKING pc=0x0000027042286350 sp=0x000000f9a25f6f70
Event: 31.490 Thread 0x0000027095a96be0 DEOPT UNPACKING pc=0x0000027041d24402 sp=0x000000f9a25f6ef8 mode 2
Event: 31.491 Thread 0x0000027095a96be0 Uncommon trap: trap_request=0xffffff3d fr.pc=0x0000027042832e64 relative=0x0000000000003fc4
Event: 31.491 Thread 0x0000027095a96be0 Uncommon trap: reason=unstable_fused_if action=reinterpret pc=0x0000027042832e64 method=jdk.internal.classfile.impl.Util.slotSize(Ljava/lang/constant/ClassDesc;)I @ 10 c2
Event: 31.491 Thread 0x0000027095a96be0 DEOPT PACKING pc=0x0000027042832e64 sp=0x000000f9a25f7310
Event: 31.491 Thread 0x0000027095a96be0 DEOPT UNPACKING pc=0x0000027041d24402 sp=0x000000f9a25f7228 mode 2
Event: 31.811 Thread 0x0000027095a96be0 DEOPT PACKING pc=0x000002703aaa5560 sp=0x000000f9a25f8180
Event: 31.811 Thread 0x0000027095a96be0 DEOPT UNPACKING pc=0x0000027041d24b22 sp=0x000000f9a25f7680 mode 0

Classes loaded (20 events):
Event: 27.000 Loading class sun/security/util/KeyUtil
Event: 27.001 Loading class sun/security/util/KeyUtil done
Event: 27.001 Loading class sun/security/util/Length
Event: 27.001 Loading class sun/security/util/Length done
Event: 27.001 Loading class javax/crypto/SecretKey
Event: 27.002 Loading class javax/crypto/SecretKey done
Event: 27.002 Loading class java/util/Base64
Event: 27.003 Loading class java/util/Base64 done
Event: 27.003 Loading class java/util/Base64$Decoder
Event: 27.003 Loading class java/util/Base64$Decoder done
Event: 27.003 Loading class java/util/Base64$Encoder
Event: 27.003 Loading class java/util/Base64$Encoder done
Event: 27.005 Loading class java/util/jar/JarVerifier$VerifierStream
Event: 27.005 Loading class java/util/jar/JarVerifier$VerifierStream done
Event: 27.006 Loading class sun/security/util/ManifestEntryVerifier$SunProviderHolder
Event: 27.006 Loading class sun/security/util/ManifestEntryVerifier$SunProviderHolder done
Event: 27.307 Loading class sun/reflect/annotation/AnnotationInvocationHandler$1
Event: 27.308 Loading class sun/reflect/annotation/AnnotationInvocationHandler$1 done
Event: 27.790 Loading class java/security/KeyStore
Event: 27.791 Loading class java/security/KeyStore done

Classes unloaded (0 events):
No events

Classes redefined (0 events):
No events

Internal exceptions (20 events):
Event: 24.876 Thread 0x0000027095a96be0 Exception <a 'java/lang/ClassNotFoundException'{0x00000000898a6788}: org/gradle/api/internal/plugins/DefaultObjectConfigurationActionCustomizer> (0x00000000898a6788) 
thrown [s\open\src\hotspot\share\classfile\systemDictionary.cpp, line 313]
Event: 25.655 Thread 0x0000027095a96be0 Exception <a 'java/lang/NoSuchMethodError'{0x00000000ffc4c198}: 'int java.lang.invoke.DirectMethodHandle$Holder.invokeSpecialIFC(java.lang.Object, java.lang.Object, java.lang.Object, java.lang.Object, java.lang.Object)'> (0x00000000ffc4c198) 
thrown [s\open\src\hotspot\share\interpreter\linkResolver.cpp, line 796]
Event: 28.077 Thread 0x0000027095a96be0 Implicit null exception at 0x00000270427b73e5 to 0x00000270427b74c0
Event: 28.513 Thread 0x0000027095a96be0 Exception <a 'sun/nio/fs/WindowsException'{0x000000008a5a6098}> (0x000000008a5a6098) 
thrown [s\open\src\hotspot\share\prims\jni.cpp, line 520]
Event: 28.513 Thread 0x0000027095a96be0 Exception <a 'sun/nio/fs/WindowsException'{0x000000008a5a7b98}> (0x000000008a5a7b98) 
thrown [s\open\src\hotspot\share\prims\jni.cpp, line 520]
Event: 29.711 Thread 0x0000027095a96be0 Exception <a 'java/lang/NoSuchMethodError'{0x000000008d4c1fe8}: 'int java.lang.invoke.DirectMethodHandle$Holder.invokeStaticInit(java.lang.Object, int)'> (0x000000008d4c1fe8) 
thrown [s\open\src\hotspot\share\interpreter\linkResolver.cpp, line 796]
Event: 30.923 Thread 0x0000027095a96be0 Exception <a 'sun/nio/fs/WindowsException'{0x000000008b48c5d8}> (0x000000008b48c5d8) 
thrown [s\open\src\hotspot\share\prims\jni.cpp, line 520]
Event: 30.924 Thread 0x0000027095a96be0 Exception <a 'sun/nio/fs/WindowsException'{0x000000008b48df98}> (0x000000008b48df98) 
thrown [s\open\src\hotspot\share\prims\jni.cpp, line 520]
Event: 30.928 Thread 0x0000027095a96be0 Exception <a 'sun/nio/fs/WindowsException'{0x000000008b497f70}> (0x000000008b497f70) 
thrown [s\open\src\hotspot\share\prims\jni.cpp, line 520]
Event: 30.932 Thread 0x0000027095a96be0 Exception <a 'sun/nio/fs/WindowsException'{0x000000008b4a1bd8}> (0x000000008b4a1bd8) 
thrown [s\open\src\hotspot\share\prims\jni.cpp, line 520]
Event: 30.936 Thread 0x0000027095a96be0 Exception <a 'sun/nio/fs/WindowsException'{0x000000008b4aac20}> (0x000000008b4aac20) 
thrown [s\open\src\hotspot\share\prims\jni.cpp, line 520]
Event: 30.954 Thread 0x0000027095a96be0 Exception <a 'sun/nio/fs/WindowsException'{0x000000008b4b3d40}> (0x000000008b4b3d40) 
thrown [s\open\src\hotspot\share\prims\jni.cpp, line 520]
Event: 31.015 Thread 0x0000027095a96be0 Exception <a 'sun/nio/fs/WindowsException'{0x000000008b4bc780}> (0x000000008b4bc780) 
thrown [s\open\src\hotspot\share\prims\jni.cpp, line 520]
Event: 31.023 Thread 0x0000027095a96be0 Exception <a 'sun/nio/fs/WindowsException'{0x000000008b4c58b8}> (0x000000008b4c58b8) 
thrown [s\open\src\hotspot\share\prims\jni.cpp, line 520]
Event: 31.030 Thread 0x0000027095a96be0 Exception <a 'sun/nio/fs/WindowsException'{0x000000008b4d6f18}> (0x000000008b4d6f18) 
thrown [s\open\src\hotspot\share\prims\jni.cpp, line 520]
Event: 31.034 Thread 0x0000027095a96be0 Exception <a 'sun/nio/fs/WindowsException'{0x000000008b4e0130}> (0x000000008b4e0130) 
thrown [s\open\src\hotspot\share\prims\jni.cpp, line 520]
Event: 31.049 Thread 0x0000027095a96be0 Exception <a 'sun/nio/fs/WindowsException'{0x000000008b4e71d8}> (0x000000008b4e71d8) 
thrown [s\open\src\hotspot\share\prims\jni.cpp, line 520]
Event: 31.364 Thread 0x0000027095a96be0 Exception <a 'java/lang/NoClassDefFoundError'{0x000000008ae5b590}: org/jetbrains/kotlin/gradle/plugin/KotlinBaseApiPlugin> (0x000000008ae5b590) 
thrown [s\open\src\hotspot\share\classfile\systemDictionary.cpp, line 302]
Event: 31.631 Thread 0x0000027095a96be0 Exception <a 'java/lang/NoClassDefFoundError'{0x00000000ffff7498}: org/jetbrains/kotlin/gradle/plugin/KotlinBasePluginWrapper> (0x00000000ffff7498) 
thrown [s\open\src\hotspot\share\classfile\systemDictionary.cpp, line 302]
Event: 31.920 Thread 0x0000027095a96be0 Exception <a 'java/lang/NoClassDefFoundError'{0x000000008cc68a88}: org/jetbrains/kotlin/gradle/plugin/KotlinBasePluginWrapper> (0x000000008cc68a88) 
thrown [s\open\src\hotspot\share\oops\constantPool.cpp, line 867]

VM Operations (20 events):
Event: 27.940 Executing VM operation: G1CollectForAllocation (G1 Evacuation Pause)
Event: 27.949 Executing VM operation: G1CollectForAllocation (G1 Evacuation Pause) done
Event: 28.140 Executing VM operation: HandshakeAllThreads (Deoptimize)
Event: 28.140 Executing VM operation: HandshakeAllThreads (Deoptimize) done
Event: 28.687 Executing VM operation: G1CollectForAllocation (G1 Evacuation Pause)
Event: 28.699 Executing VM operation: G1CollectForAllocation (G1 Evacuation Pause) done
Event: 29.508 Executing VM operation: G1CollectForAllocation (G1 Evacuation Pause)
Event: 29.516 Executing VM operation: G1CollectForAllocation (G1 Evacuation Pause) done
Event: 29.574 Executing VM operation: G1PauseRemark
Event: 29.580 Executing VM operation: G1PauseRemark done
Event: 29.604 Executing VM operation: G1PauseCleanup
Event: 29.604 Executing VM operation: G1PauseCleanup done
Event: 29.723 Executing VM operation: HandshakeAllThreads (Deoptimize)
Event: 29.723 Executing VM operation: HandshakeAllThreads (Deoptimize) done
Event: 30.591 Executing VM operation: HandshakeAllThreads (Deoptimize)
Event: 30.591 Executing VM operation: HandshakeAllThreads (Deoptimize) done
Event: 30.777 Executing VM operation: HandshakeAllThreads (Deoptimize)
Event: 30.777 Executing VM operation: HandshakeAllThreads (Deoptimize) done
Event: 31.599 Executing VM operation: G1CollectForAllocation (G1 Evacuation Pause)
Event: 31.607 Executing VM operation: G1CollectForAllocation (G1 Evacuation Pause) done

Memory protections (0 events):
No events

Nmethod flushes (20 events):
Event: 29.579 Thread 0x000002704f2eb370 flushing  nmethod 0x000002703ba97b08
Event: 29.579 Thread 0x000002704f2eb370 flushing  nmethod 0x0000027042426b88
Event: 29.579 Thread 0x000002704f2eb370 flushing  nmethod 0x0000027042553d08
Event: 29.579 Thread 0x000002704f2eb370 flushing  nmethod 0x000002703a80b008
Event: 29.579 Thread 0x000002704f2eb370 flushing  nmethod 0x000002703a856c08
Event: 29.579 Thread 0x000002704f2eb370 flushing  nmethod 0x000002703a857f08
Event: 29.579 Thread 0x000002704f2eb370 flushing  nmethod 0x000002703a8a1908
Event: 29.579 Thread 0x000002704f2eb370 flushing  nmethod 0x000002703a8e6c08
Event: 29.579 Thread 0x000002704f2eb370 flushing  nmethod 0x000002703a983f08
Event: 29.579 Thread 0x000002704f2eb370 flushing  nmethod 0x000002703a988908
Event: 29.579 Thread 0x000002704f2eb370 flushing  nmethod 0x000002703a989008
Event: 29.579 Thread 0x000002704f2eb370 flushing  nmethod 0x000002703aa06188
Event: 29.579 Thread 0x000002704f2eb370 flushing  nmethod 0x000002703ab7ae08
Event: 29.579 Thread 0x000002704f2eb370 flushing  nmethod 0x000002703ac39408
Event: 29.579 Thread 0x000002704f2eb370 flushing  nmethod 0x000002703af23a08
Event: 29.579 Thread 0x000002704f2eb370 flushing  nmethod 0x000002703af25888
Event: 29.579 Thread 0x000002704f2eb370 flushing  nmethod 0x000002703af81388
Event: 29.579 Thread 0x000002704f2eb370 flushing  nmethod 0x000002703af85a08
Event: 29.579 Thread 0x000002704f2eb370 flushing  nmethod 0x000002703b2e0a08
Event: 29.579 Thread 0x000002704f2eb370 flushing  nmethod 0x000002703b2ef188

Events (20 events):
Event: 21.981 Thread 0x0000027095a96be0 Thread added: 0x000002704f87d2c0
Event: 21.986 Thread 0x0000027095a96be0 Thread added: 0x000002704f87bf10
Event: 21.994 Thread 0x0000027095a96be0 Thread added: 0x000002704f87d950
Event: 21.998 Thread 0x0000027095a96be0 Thread added: 0x000002704f87dfe0
Event: 22.001 Thread 0x0000027095a96be0 Thread added: 0x000002704f87e670
Event: 22.378 Thread 0x0000027095a96be0 Thread added: 0x000002704f8800b0
Event: 22.379 Thread 0x0000027095a96be0 Thread added: 0x000002704f87cc30
Event: 22.380 Thread 0x0000027095a96be0 Thread added: 0x000002704f880740
Event: 22.380 Thread 0x0000027095a96be0 Thread added: 0x000002704f880dd0
Event: 22.381 Thread 0x0000027095a96be0 Thread added: 0x000002704f881460
Event: 22.381 Thread 0x0000027095a96be0 Thread added: 0x000002704f881af0
Event: 22.381 Thread 0x0000027095a96be0 Thread added: 0x0000027096c4d4a0
Event: 22.382 Thread 0x0000027095a96be0 Thread added: 0x00000270991685c0
Event: 22.382 Thread 0x0000027095a96be0 Thread added: 0x0000027099168c50
Event: 22.383 Thread 0x0000027095a96be0 Thread added: 0x00000270991692e0
Event: 22.383 Thread 0x0000027095a96be0 Thread added: 0x0000027099169970
Event: 24.959 Thread 0x000002709a489df0 Thread exited: 0x000002709a489df0
Event: 26.557 Thread 0x000002704f3170a0 Thread added: 0x000002709a489df0
Event: 26.720 Thread 0x0000027095a96be0 Thread added: 0x000002704f87f390
Event: 29.364 Thread 0x000002709a489df0 Thread exited: 0x000002709a489df0


Dynamic libraries:
0x00007ff746020000 - 0x00007ff746030000 	C:\Program Files\Java\jdk-23\bin\java.exe
0x00007ffd2fe20000 - 0x00007ffd30087000 	C:\WINDOWS\SYSTEM32\ntdll.dll
0x00007ffd2f9a0000 - 0x00007ffd2fa69000 	C:\WINDOWS\System32\KERNEL32.DLL
0x00007ffd2d5a0000 - 0x00007ffd2d98f000 	C:\WINDOWS\System32\KERNELBASE.dll
0x00007ffd2d0f0000 - 0x00007ffd2d23b000 	C:\WINDOWS\System32\ucrtbase.dll
0x00007ffd130d0000 - 0x00007ffd130e7000 	C:\Program Files\Java\jdk-23\bin\jli.dll
0x00007ffcdd960000 - 0x00007ffcdd97b000 	C:\Program Files\Java\jdk-23\bin\VCRUNTIME140.dll
0x00007ffd2ec90000 - 0x00007ffd2ee55000 	C:\WINDOWS\System32\USER32.dll
0x00007ffd2d9a0000 - 0x00007ffd2d9c7000 	C:\WINDOWS\System32\win32u.dll
0x00007ffd09d60000 - 0x00007ffd09ff3000 	C:\WINDOWS\WinSxS\amd64_microsoft.windows.common-controls_6595b64144ccf1df_6.0.26100.7309_none_3e05feeae336a044\COMCTL32.dll
0x00007ffd2f8f0000 - 0x00007ffd2f91b000 	C:\WINDOWS\System32\GDI32.dll
0x00007ffd2ef00000 - 0x00007ffd2efa9000 	C:\WINDOWS\System32\msvcrt.dll
0x00007ffd2da90000 - 0x00007ffd2dbbc000 	C:\WINDOWS\System32\gdi32full.dll
0x00007ffd2d240000 - 0x00007ffd2d2e3000 	C:\WINDOWS\System32\msvcp_win.dll
0x00007ffd2eec0000 - 0x00007ffd2eef1000 	C:\WINDOWS\System32\IMM32.DLL
0x00007ffcfb280000 - 0x00007ffcfb28c000 	C:\Program Files\Java\jdk-23\bin\vcruntime140_1.dll
0x00007ffcdddc0000 - 0x00007ffcdde4e000 	C:\Program Files\Java\jdk-23\bin\msvcp140.dll
0x00007ffc7a390000 - 0x00007ffc7b0e0000 	C:\Program Files\Java\jdk-23\bin\server\jvm.dll
0x00007ffd2f3e0000 - 0x00007ffd2f494000 	C:\WINDOWS\System32\ADVAPI32.dll
0x00007ffd2fa70000 - 0x00007ffd2fb16000 	C:\WINDOWS\System32\sechost.dll
0x00007ffd2eb70000 - 0x00007ffd2ec88000 	C:\WINDOWS\System32\RPCRT4.dll
0x00007ffd2f920000 - 0x00007ffd2f994000 	C:\WINDOWS\System32\WS2_32.dll
0x00007ffd2cdd0000 - 0x00007ffd2ce2e000 	C:\WINDOWS\SYSTEM32\POWRPROF.dll
0x00007ffd23c90000 - 0x00007ffd23cc5000 	C:\WINDOWS\SYSTEM32\WINMM.dll
0x00007ffd18160000 - 0x00007ffd1816b000 	C:\WINDOWS\SYSTEM32\VERSION.dll
0x00007ffd2cdb0000 - 0x00007ffd2cdc4000 	C:\WINDOWS\SYSTEM32\UMPDC.dll
0x00007ffd2bd20000 - 0x00007ffd2bd3b000 	C:\WINDOWS\SYSTEM32\kernel.appcore.dll
0x00007ffcf4950000 - 0x00007ffcf495a000 	C:\Program Files\Java\jdk-23\bin\jimage.dll
0x00007ffd2a4d0000 - 0x00007ffd2a712000 	C:\WINDOWS\SYSTEM32\DBGHELP.DLL
0x00007ffd2efc0000 - 0x00007ffd2f345000 	C:\WINDOWS\System32\combase.dll
0x00007ffd2f4a0000 - 0x00007ffd2f576000 	C:\WINDOWS\System32\OLEAUT32.dll
0x00007ffd08f90000 - 0x00007ffd08fcc000 	C:\WINDOWS\SYSTEM32\dbgcore.DLL
0x00007ffd2d4f0000 - 0x00007ffd2d595000 	C:\WINDOWS\System32\bcryptPrimitives.dll
0x00007ffd083b0000 - 0x00007ffd083bf000 	C:\Program Files\Java\jdk-23\bin\instrument.dll
0x00007ffcdd0d0000 - 0x00007ffcdd0ee000 	C:\Program Files\Java\jdk-23\bin\java.dll
0x00007ffd2f5e0000 - 0x00007ffd2f777000 	C:\WINDOWS\System32\ole32.dll
0x00007ffd2e280000 - 0x00007ffd2e9d3000 	C:\WINDOWS\System32\SHELL32.dll
0x00007ffd2d2f0000 - 0x00007ffd2d45a000 	C:\WINDOWS\System32\wintypes.dll
0x00007ffd2ab50000 - 0x00007ffd2b3ae000 	C:\WINDOWS\SYSTEM32\windows.storage.dll
0x00007ffd2ea70000 - 0x00007ffd2eb65000 	C:\WINDOWS\System32\SHCORE.dll
0x00007ffd2f780000 - 0x00007ffd2f7e6000 	C:\WINDOWS\System32\shlwapi.dll
0x00007ffd2ce90000 - 0x00007ffd2ceb9000 	C:\WINDOWS\SYSTEM32\profapi.dll
0x00007ffc906b0000 - 0x00007ffc90787000 	C:\Program Files\Java\jdk-23\bin\jsvml.dll
0x00007ffcba790000 - 0x00007ffcba7a7000 	C:\Program Files\Java\jdk-23\bin\zip.dll
0x00007ffcf4800000 - 0x00007ffcf4810000 	C:\Program Files\Java\jdk-23\bin\net.dll
0x00007ffd2c290000 - 0x00007ffd2c2fb000 	C:\WINDOWS\system32\mswsock.dll
0x00007ffcda6a0000 - 0x00007ffcda6b6000 	C:\Program Files\Java\jdk-23\bin\nio.dll
0x00007ffcf45f0000 - 0x00007ffcf4600000 	C:\Program Files\Java\jdk-23\bin\verify.dll
0x00007ffcf6300000 - 0x00007ffcf6327000 	C:\Users\reyes\.gradle\native\1def1411415f61bf3af743bc5b6707747c0891f09f0c88961ee8f79bc544acac\windows-amd64\native-platform.dll
0x00007ffcdd750000 - 0x00007ffcdd7c8000 	C:\Users\reyes\.gradle\native\0.2.7\x86_64-windows-gnu\gradle-fileevents.dll
0x00007ffd27710000 - 0x00007ffd2771a000 	C:\Program Files\Java\jdk-23\bin\management.dll
0x00007ffd27350000 - 0x00007ffd2735b000 	C:\Program Files\Java\jdk-23\bin\management_ext.dll
0x00007ffd2eeb0000 - 0x00007ffd2eeb8000 	C:\WINDOWS\System32\PSAPI.DLL
0x00007ffd2b860000 - 0x00007ffd2b894000 	C:\WINDOWS\SYSTEM32\IPHLPAPI.DLL
0x00007ffd2efb0000 - 0x00007ffd2efba000 	C:\WINDOWS\System32\NSI.dll
0x00007ffceaa10000 - 0x00007ffceaa19000 	C:\Program Files\Java\jdk-23\bin\extnet.dll
0x00007ffd2c550000 - 0x00007ffd2c56b000 	C:\WINDOWS\SYSTEM32\CRYPTSP.dll
0x00007ffd2bc80000 - 0x00007ffd2bcba000 	C:\WINDOWS\system32\rsaenh.dll
0x00007ffd2c340000 - 0x00007ffd2c36b000 	C:\WINDOWS\SYSTEM32\USERENV.dll
0x00007ffd2ce60000 - 0x00007ffd2ce8a000 	C:\WINDOWS\SYSTEM32\bcrypt.dll
0x00007ffd2c570000 - 0x00007ffd2c57c000 	C:\WINDOWS\SYSTEM32\CRYPTBASE.dll
0x00007ffd083a0000 - 0x00007ffd083ae000 	C:\Program Files\Java\jdk-23\bin\sunmscapi.dll
0x00007ffd2cf70000 - 0x00007ffd2d0e7000 	C:\WINDOWS\System32\CRYPT32.dll
0x00007ffd2c770000 - 0x00007ffd2c7a0000 	C:\WINDOWS\SYSTEM32\ncrypt.dll
0x00007ffd2c720000 - 0x00007ffd2c75f000 	C:\WINDOWS\SYSTEM32\NTASN1.dll
0x00007ffcfbe70000 - 0x00007ffcfbe78000 	C:\WINDOWS\system32\wshunix.dll

dbghelp: loaded successfully - version: 4.0.5 - missing functions: none
symbol engine: initialized successfully - sym options: 0x614 - pdb path: .;C:\Program Files\Java\jdk-23\bin;C:\WINDOWS\SYSTEM32;C:\WINDOWS\WinSxS\amd64_microsoft.windows.common-controls_6595b64144ccf1df_6.0.26100.7309_none_3e05feeae336a044;C:\Program Files\Java\jdk-23\bin\server;C:\Users\reyes\.gradle\native\1def1411415f61bf3af743bc5b6707747c0891f09f0c88961ee8f79bc544acac\windows-amd64;C:\Users\reyes\.gradle\native\0.2.7\x86_64-windows-gnu

VM Arguments:
jvm_args: --add-opens=java.base/java.lang=ALL-UNNAMED --add-opens=java.base/java.lang.invoke=ALL-UNNAMED --add-opens=java.base/java.util=ALL-UNNAMED --add-opens=java.prefs/java.util.prefs=ALL-UNNAMED --add-exports=jdk.compiler/com.sun.tools.javac.api=ALL-UNNAMED --add-exports=jdk.compiler/com.sun.tools.javac.util=ALL-UNNAMED --add-opens=java.base/java.util=ALL-UNNAMED --add-opens=java.prefs/java.util.prefs=ALL-UNNAMED --add-opens=java.base/java.nio.charset=ALL-UNNAMED --add-opens=java.base/java.net=ALL-UNNAMED --add-opens=java.base/java.util.concurrent.atomic=ALL-UNNAMED --add-opens=java.xml/javax.xml.namespace=ALL-UNNAMED -Xmx2048m -Dfile.encoding=UTF-8 -Duser.country=PH -Duser.language=en -Duser.variant -javaagent:C:\Users\reyes\.gradle\wrapper\dists\gradle-8.13-bin\5xuhj0ry160q40clulazy9h7d\gradle-8.13\lib\agents\gradle-instrumentation-agent-8.13.jar 
java_command: org.gradle.launcher.daemon.bootstrap.GradleDaemon 8.13
java_class_path (initial): C:\Users\reyes\.gradle\wrapper\dists\gradle-8.13-bin\5xuhj0ry160q40clulazy9h7d\gradle-8.13\lib\gradle-daemon-main-8.13.jar
Launcher Type: SUN_STANDARD

[Global flags]
     intx CICompilerCount                          = 4                                         {product} {ergonomic}
     uint ConcGCThreads                            = 3                                         {product} {ergonomic}
     uint G1ConcRefinementThreads                  = 10                                        {product} {ergonomic}
   size_t G1HeapRegionSize                         = 1048576                                   {product} {ergonomic}
   size_t InitialHeapSize                          = 130023424                                 {product} {ergonomic}
   size_t MarkStackSize                            = 4194304                                   {product} {ergonomic}
   size_t MarkStackSizeMax                         = 536870912                                 {product} {ergonomic}
   size_t MaxHeapSize                              = 2147483648                                {product} {command line}
   size_t MaxNewSize                               = 1287651328                                {product} {ergonomic}
   size_t MinHeapDeltaBytes                        = 1048576                                   {product} {ergonomic}
   size_t MinHeapSize                              = 8388608                                   {product} {ergonomic}
    uintx NonNMethodCodeHeapSize                   = 5832704                                {pd product} {ergonomic}
    uintx NonProfiledCodeHeapSize                  = 122945536                              {pd product} {ergonomic}
    uintx ProfiledCodeHeapSize                     = 122880000                              {pd product} {ergonomic}
    uintx ReservedCodeCacheSize                    = 251658240                              {pd product} {ergonomic}
     bool SegmentedCodeCache                       = true                                      {product} {ergonomic}
   size_t SoftMaxHeapSize                          = 2147483648                             {manageable} {ergonomic}
     bool UseCompressedOops                        = true                           {product lp64_product} {ergonomic}
     bool UseG1GC                                  = true                                      {product} {ergonomic}
     bool UseLargePagesIndividualAllocation        = false                                  {pd product} {ergonomic}

Logging:
Log output configuration:
 #0: stdout all=warning uptime,level,tags foldmultilines=false
 #1: stderr all=off uptime,level,tags foldmultilines=false

Environment Variables:
PATH=C:\Program Files\Common Files\Oracle\Java\javapath;C:\WINDOWS\system32;C:\WINDOWS;C:\WINDOWS\System32\Wbem;C:\WINDOWS\System32\WindowsPowerShell\v1.0\;C:\WINDOWS\System32\OpenSSH\;C:\Program Files\HP\HP One Agent;C:\Program Files\Git\cmd;C:\Users\reyes\AppData\Local\Microsoft\WindowsApps;C:\Users\reyes\AppData\Local\Programs\Microsoft VS Code\bin;C:\Users\reyes\Downloads\XAMPP\php;C:\Users\reyes\Downloads\XAMPP;C:\Users\reyes\AppData\Roaming\Composer\vendor\bin
USERNAME=reyes
OS=Windows_NT
PROCESSOR_IDENTIFIER=Intel64 Family 6 Model 186 Stepping 3, GenuineIntel
TMP=C:\Users\reyes\AppData\Local\Temp
TEMP=C:\Users\reyes\AppData\Local\Temp




Periodic native trim disabled

---------------  S Y S T E M  ---------------

OS:
 Windows 11 , 64 bit Build 26100 (10.0.26100.7309)
OS uptime: 24 days 17:21 hours
Hyper-V role detected

CPU: total 12 (initial active 12) (6 cores per cpu, 2 threads per core) family 6 model 186 stepping 3 microcode 0x4121, cx8, cmov, fxsr, ht, mmx, 3dnowpref, sse, sse2, sse3, ssse3, sse4.1, sse4.2, popcnt, lzcnt, tsc, tscinvbit, avx, avx2, aes, erms, clmul, bmi1, bmi2, adx, sha, fma, vzeroupper, clflush, clflushopt, clwb, hv, serialize, rdtscp, rdpid, fsrm, gfni, f16c, cet_ibt, cet_ss
Processor Information for processor 0
  Max Mhz: 1300, Current Mhz: 1300, Mhz Limit: 1300
Processor Information for processor 1
  Max Mhz: 1300, Current Mhz: 1300, Mhz Limit: 1300
Processor Information for processor 2
  Max Mhz: 1300, Current Mhz: 1300, Mhz Limit: 1300
Processor Information for processor 3
  Max Mhz: 1300, Current Mhz: 1300, Mhz Limit: 1300
Processor Information for processor 4
  Max Mhz: 1300, Current Mhz: 900, Mhz Limit: 897
Processor Information for processor 5
  Max Mhz: 1300, Current Mhz: 900, Mhz Limit: 897
Processor Information for processor 6
  Max Mhz: 1300, Current Mhz: 900, Mhz Limit: 897
Processor Information for processor 7
  Max Mhz: 1300, Current Mhz: 900, Mhz Limit: 897
Processor Information for processor 8
  Max Mhz: 1300, Current Mhz: 900, Mhz Limit: 897
Processor Information for processor 9
  Max Mhz: 1300, Current Mhz: 900, Mhz Limit: 897
Processor Information for processor 10
  Max Mhz: 1300, Current Mhz: 900, Mhz Limit: 897
Processor Information for processor 11
  Max Mhz: 1300, Current Mhz: 900, Mhz Limit: 897

Memory: 4k page, system-wide physical 7835M (368M free)
TotalPageFile size 31387M (AvailPageFile size 6M)
current process WorkingSet (physical memory assigned to process): 481M, peak: 488M
current process commit charge ("private bytes"): 617M, peak: 625M

vm_info: Java HotSpot(TM) 64-Bit Server VM (23.0.2+7-58) for windows-amd64 JRE (23.0.2+7-58), built on 2024-11-29T09:34:55Z with MS VC++ 17.6 (VS2022)

END.
