#
# There is insufficient memory for the Java Runtime Environment to continue.
# Native memory allocation (mmap) failed to map 130023424 bytes. Error detail: G1 virtual space
# Possible reasons:
#   The system is out of physical RAM or swap space
#   This process is running with CompressedOops enabled, and the Java Heap may be blocking the growth of the native heap
# Possible solutions:
#   Reduce memory load on the system
#   Increase physical memory or swap space
#   Check if swap backing store is full
#   Decrease Java heap size (-Xmx/-Xms)
#   Decrease number of Java threads
#   Decrease Java thread stack sizes (-Xss)
#   Set larger code cache with -XX:ReservedCodeCacheSize=
#   JVM is running with Unscaled Compressed Oops mode in which the Java heap is
#     placed in the first 4GB address space. The Java Heap base address is the
#     maximum limit for the native heap growth. Please use -XX:HeapBaseMinAddress
#     to set the Java Heap base and to place the Java Heap above 4GB virtual address.
# This output file may be truncated or incomplete.
#
#  Out of Memory Error (os_windows.cpp:3925), pid=118828, tid=126020
#
# JRE version:  (21.0.8) (build )
# Java VM: OpenJDK 64-Bit Server VM (21.0.8+-14196175-b1038.72, mixed mode, sharing, tiered, compressed oops, compressed class ptrs, g1 gc, windows-amd64)
# No core dump will be written. Minidumps are not enabled by default on client versions of Windows
#

---------------  S U M M A R Y ------------

Command Line: git4idea.http.GitAskPassApp Username for 'https://github.com': 

Host: 13th Gen Intel(R) Core(TM) i5-1335U, 12 cores, 7G,  Windows 11 , 64 bit Build 26100 (10.0.26100.7309)
Time: Sun Jan  4 23:49:09 2026 Malay Peninsula Standard Time elapsed time: 1.151052 seconds (0d 0h 0m 1s)

---------------  T H R E A D  ---------------

Current thread (0x000001a236ab98f0):  JavaThread "Unknown thread" [_thread_in_vm, id=126020, stack(0x00000074c9600000,0x00000074c9700000) (1024K)]

Stack: [0x00000074c9600000,0x00000074c9700000]
Native frames: (J=compiled Java code, j=interpreted, Vv=VM code, C=native code)
V  [jvm.dll+0x6d68d9]
V  [jvm.dll+0x866693]
V  [jvm.dll+0x868c4e]
V  [jvm.dll+0x869333]
V  [jvm.dll+0x280566]
V  [jvm.dll+0x6d3195]
V  [jvm.dll+0x6c69ea]
V  [jvm.dll+0x3586db]
V  [jvm.dll+0x360336]
V  [jvm.dll+0x3b23f6]
V  [jvm.dll+0x3b26c8]
V  [jvm.dll+0x32ae6c]
V  [jvm.dll+0x32bb5b]
V  [jvm.dll+0x82e109]
V  [jvm.dll+0x3bf5c8]
V  [jvm.dll+0x817388]
V  [jvm.dll+0x453b6e]
V  [jvm.dll+0x4552d1]
C  [jli.dll+0x52ab]
C  [ucrtbase.dll+0x37b0]
C  [KERNEL32.DLL+0x2e8d7]
C  [ntdll.dll+0x8c53c]


---------------  P R O C E S S  ---------------

Threads class SMR info:
_java_thread_list=0x00007ffc912db988, length=0, elements={
}

Java Threads: ( => current thread )
Total: 0

Other Threads:
  0x000001a236b0a320 WorkerThread "GC Thread#0"                     [id=116344, stack(0x00000074c9700000,0x00000074c9800000) (1024K)]
  0x000001a236b1a800 ConcurrentGCThread "G1 Main Marker"            [id=119496, stack(0x00000074c9800000,0x00000074c9900000) (1024K)]
  0x000001a236b1b300 WorkerThread "G1 Conc#0"                       [id=103092, stack(0x00000074c9900000,0x00000074c9a00000) (1024K)]

[error occurred during error reporting (printing all threads), id 0xc0000005, EXCEPTION_ACCESS_VIOLATION (0xc0000005) at pc=0x00007ffc90acddd7]
VM state: not at safepoint (not fully initialized)

VM Mutex/Monitor currently owned by a thread:  ([mutex/lock_event])
[0x00007ffc913486b8] Heap_lock - owner thread: 0x000001a236ab98f0

Heap address: 0x0000000085800000, size: 1960 MB, Compressed Oops mode: 32-bit

CDS archive(s) mapped at: [0x0000000000000000-0x0000000000000000-0x0000000000000000), size 0, SharedBaseAddress: 0x0000000800000000, ArchiveRelocationMode: 1.
Narrow klass base: 0x0000000000000000, Narrow klass shift: 0, Narrow klass range: 0x0

GC Precious Log:
 CardTable entry size: 512
 Card Set container configuration: InlinePtr #cards 5 size 8 Array Of Cards #cards 12 size 40 Howl #buckets 4 coarsen threshold 1843 Howl Bitmap #cards 512 size 80 coarsen threshold 460 Card regions per heap region 1 cards per card region 2048

Heap:
 garbage-first heap   total 0K, used 0K [0x0000000085800000, 0x0000000100000000)
  region size 1024K, 0 young (0K), 0 survivors (0K)
 Metaspace       used 0K, committed 0K, reserved 0K
  class space    used 0K, committed 0K, reserved 0K

Heap Regions: E=young(eden), S=young(survivor), O=old, HS=humongous(starts), HC=humongous(continues), CS=collection set, F=free, TAMS=top-at-mark-start, PB=parsable bottom

Card table byte_map: [0x000001a249540000,0x000001a249920000] _byte_map_base: 0x000001a249114000

Marking Bits: (CMBitMap*) 0x000001a236b0aa20
 Bits: [0x000001a249920000, 0x000001a24b7c0000)

GC Heap History (0 events):
No events

Dll operation events (1 events):
Event: 0.010 Loaded shared library C:\Program Files\Android\Android Studio\jbr\bin\java.dll

Deoptimization events (0 events):
No events

Classes loaded (0 events):
No events

Classes unloaded (0 events):
No events

Classes redefined (0 events):
No events

Internal exceptions (0 events):
No events

ZGC Phase Switch (0 events):
No events

VM Operations (0 events):
No events

Memory protections (0 events):
No events

Nmethod flushes (0 events):
No events

Events (0 events):
No events


Dynamic libraries:
0x00007ff7fb180000 - 0x00007ff7fb18a000 	C:\Program Files\Android\Android Studio\jbr\bin\java.exe
0x00007ffd2fe20000 - 0x00007ffd30087000 	C:\WINDOWS\SYSTEM32\ntdll.dll
0x00007ffd2f9a0000 - 0x00007ffd2fa69000 	C:\WINDOWS\System32\KERNEL32.DLL
0x00007ffd2d5a0000 - 0x00007ffd2d98f000 	C:\WINDOWS\System32\KERNELBASE.dll
0x00007ffd2d0f0000 - 0x00007ffd2d23b000 	C:\WINDOWS\System32\ucrtbase.dll
0x00007ffd02d80000 - 0x00007ffd02d98000 	C:\Program Files\Android\Android Studio\jbr\bin\jli.dll
0x00007ffd291b0000 - 0x00007ffd291cb000 	C:\Program Files\Android\Android Studio\jbr\bin\VCRUNTIME140.dll
0x00007ffd2ec90000 - 0x00007ffd2ee55000 	C:\WINDOWS\System32\USER32.dll
0x00007ffd09d60000 - 0x00007ffd09ff3000 	C:\WINDOWS\WinSxS\amd64_microsoft.windows.common-controls_6595b64144ccf1df_6.0.26100.7309_none_3e05feeae336a044\COMCTL32.dll
0x00007ffd2d9a0000 - 0x00007ffd2d9c7000 	C:\WINDOWS\System32\win32u.dll
0x00007ffd2ef00000 - 0x00007ffd2efa9000 	C:\WINDOWS\System32\msvcrt.dll
0x00007ffd2f8f0000 - 0x00007ffd2f91b000 	C:\WINDOWS\System32\GDI32.dll
0x00007ffd2da90000 - 0x00007ffd2dbbc000 	C:\WINDOWS\System32\gdi32full.dll
0x00007ffd2d240000 - 0x00007ffd2d2e3000 	C:\WINDOWS\System32\msvcp_win.dll
0x00007ffd2eec0000 - 0x00007ffd2eef1000 	C:\WINDOWS\System32\IMM32.DLL
0x00007ffd29e60000 - 0x00007ffd29e6c000 	C:\Program Files\Android\Android Studio\jbr\bin\vcruntime140_1.dll
0x00007ffcbcfb0000 - 0x00007ffcbd03d000 	C:\Program Files\Android\Android Studio\jbr\bin\msvcp140.dll
0x00007ffc90790000 - 0x00007ffc91426000 	C:\Program Files\Android\Android Studio\jbr\bin\server\jvm.dll
0x00007ffd2f3e0000 - 0x00007ffd2f494000 	C:\WINDOWS\System32\ADVAPI32.dll
0x00007ffd2fa70000 - 0x00007ffd2fb16000 	C:\WINDOWS\System32\sechost.dll
0x00007ffd2eb70000 - 0x00007ffd2ec88000 	C:\WINDOWS\System32\RPCRT4.dll
0x00007ffd2f920000 - 0x00007ffd2f994000 	C:\WINDOWS\System32\WS2_32.dll
0x00007ffd23c90000 - 0x00007ffd23cc5000 	C:\WINDOWS\SYSTEM32\WINMM.dll
0x00007ffd18160000 - 0x00007ffd1816b000 	C:\WINDOWS\SYSTEM32\VERSION.dll
0x00007ffd2cdd0000 - 0x00007ffd2ce2e000 	C:\WINDOWS\SYSTEM32\POWRPROF.dll
0x00007ffd2cdb0000 - 0x00007ffd2cdc4000 	C:\WINDOWS\SYSTEM32\UMPDC.dll
0x00007ffd2bd20000 - 0x00007ffd2bd3b000 	C:\WINDOWS\SYSTEM32\kernel.appcore.dll
0x00007ffd291e0000 - 0x00007ffd291ea000 	C:\Program Files\Android\Android Studio\jbr\bin\jimage.dll
0x00007ffd2a4d0000 - 0x00007ffd2a712000 	C:\WINDOWS\SYSTEM32\DBGHELP.DLL
0x00007ffd2efc0000 - 0x00007ffd2f345000 	C:\WINDOWS\System32\combase.dll
0x00007ffd2f4a0000 - 0x00007ffd2f576000 	C:\WINDOWS\System32\OLEAUT32.dll
0x00007ffd08f90000 - 0x00007ffd08fcc000 	C:\WINDOWS\SYSTEM32\dbgcore.DLL
0x00007ffd2d4f0000 - 0x00007ffd2d595000 	C:\WINDOWS\System32\bcryptPrimitives.dll
0x00007ffd28e60000 - 0x00007ffd28e80000 	C:\Program Files\Android\Android Studio\jbr\bin\java.dll

JVMTI agents: none

dbghelp: loaded successfully - version: 4.0.5 - missing functions: none
symbol engine: initialized successfully - sym options: 0x614 - pdb path: .;C:\Program Files\Android\Android Studio\jbr\bin;C:\WINDOWS\SYSTEM32;C:\WINDOWS\WinSxS\amd64_microsoft.windows.common-controls_6595b64144ccf1df_6.0.26100.7309_none_3e05feeae336a044;C:\Program Files\Android\Android Studio\jbr\bin\server

VM Arguments:
java_command: git4idea.http.GitAskPassApp Username for 'https://github.com': 
java_class_path (initial): C:/Program Files/Android/Android Studio/plugins/vcs-git/lib/git4idea-rt.jar;C:/Program Files/Android/Android Studio/lib/externalProcess-rt.jar
Launcher Type: SUN_STANDARD

[Global flags]
     intx CICompilerCount                          = 4                                         {product} {ergonomic}
     uint ConcGCThreads                            = 3                                         {product} {ergonomic}
     uint G1ConcRefinementThreads                  = 10                                        {product} {ergonomic}
   size_t G1HeapRegionSize                         = 1048576                                   {product} {ergonomic}
    uintx GCDrainStackTargetSize                   = 64                                        {product} {ergonomic}
   size_t InitialHeapSize                          = 130023424                                 {product} {ergonomic}
   size_t MarkStackSize                            = 4194304                                   {product} {ergonomic}
   size_t MaxHeapSize                              = 2055208960                                {product} {ergonomic}
   size_t MinHeapDeltaBytes                        = 1048576                                   {product} {ergonomic}
   size_t MinHeapSize                              = 8388608                                   {product} {ergonomic}
    uintx NonNMethodCodeHeapSize                   = 5839372                                {pd product} {ergonomic}
    uintx NonProfiledCodeHeapSize                  = 122909434                              {pd product} {ergonomic}
    uintx ProfiledCodeHeapSize                     = 122909434                              {pd product} {ergonomic}
    uintx ReservedCodeCacheSize                    = 251658240                              {pd product} {ergonomic}
     bool SegmentedCodeCache                       = true                                      {product} {ergonomic}
   size_t SoftMaxHeapSize                          = 2055208960                             {manageable} {ergonomic}
     bool UseCompressedOops                        = true                           {product lp64_product} {ergonomic}
     bool UseG1GC                                  = true                                      {product} {ergonomic}
     bool UseLargePagesIndividualAllocation        = false                                  {pd product} {ergonomic}

Logging:
Log output configuration:
 #0: stdout all=warning uptime,level,tags foldmultilines=false
 #1: stderr all=off uptime,level,tags foldmultilines=false

Environment Variables:
PATH=C:/Program Files/Git/mingw64/libexec/git-core;C:/Program Files/Git/mingw64/libexec/git-core;C:\Program Files\Git\mingw64\bin;C:\Program Files\Git\usr\bin;C:\Users\reyes\bin;C:\Program Files\Common Files\Oracle\Java\javapath;C:\WINDOWS\system32;C:\WINDOWS;C:\WINDOWS\System32\Wbem;C:\WINDOWS\System32\WindowsPowerShell\v1.0\;C:\WINDOWS\System32\OpenSSH\;C:\Program Files\HP\HP One Agent;C:\Program Files\Git\cmd;C:\Users\reyes\AppData\Local\Microsoft\WindowsApps;C:\Users\reyes\AppData\Local\Programs\Microsoft VS Code\bin;C:\Users\reyes\Downloads\XAMPP\php;C:\Users\reyes\Downloads\XAMPP;C:\Users\reyes\AppData\Roaming\Composer\vendor\bin
USERNAME=reyes
DISPLAY=:0.0
LC_ALL=en_US.UTF-8
TERM=xterm-256color
TMPDIR=C:\Users\reyes\AppData\Local\Temp
OS=Windows_NT
PROCESSOR_IDENTIFIER=Intel64 Family 6 Model 186 Stepping 3, GenuineIntel
TMP=C:\Users\reyes\AppData\Local\Temp
TEMP=C:\Users\reyes\AppData\Local\Temp




Periodic native trim disabled

JNI global refs:
JNI global refs: 0, weak refs: 0

JNI global refs memory usage: 0, weak refs: 0

Process memory usage:
Resident Set Size: 12836K (0% of 8023824K total physical memory with 413544K free physical memory)

OOME stack traces (most recent first):
Classloader memory used:

---------------  S Y S T E M  ---------------

OS:
 Windows 11 , 64 bit Build 26100 (10.0.26100.7309)
OS uptime: 24 days 19:12 hours
Hyper-V role detected

CPU: total 12 (initial active 12) (6 cores per cpu, 2 threads per core) family 6 model 186 stepping 3 microcode 0x4121, cx8, cmov, fxsr, ht, mmx, 3dnowpref, sse, sse2, sse3, ssse3, sse4.1, sse4.2, popcnt, lzcnt, tsc, tscinvbit, avx, avx2, aes, erms, clmul, bmi1, bmi2, adx, sha, fma, vzeroupper, clflush, clflushopt, clwb, hv, serialize, rdtscp, rdpid, fsrm, f16c, cet_ibt, cet_ss
Processor Information for processor 0
  Max Mhz: 1300, Current Mhz: 1300, Mhz Limit: 1300
Processor Information for processor 1
  Max Mhz: 1300, Current Mhz: 1300, Mhz Limit: 1300
Processor Information for processor 2
  Max Mhz: 1300, Current Mhz: 1300, Mhz Limit: 1300
Processor Information for processor 3
  Max Mhz: 1300, Current Mhz: 1300, Mhz Limit: 1300
Processor Information for processor 4
  Max Mhz: 1300, Current Mhz: 900, Mhz Limit: 897
Processor Information for processor 5
  Max Mhz: 1300, Current Mhz: 900, Mhz Limit: 897
Processor Information for processor 6
  Max Mhz: 1300, Current Mhz: 900, Mhz Limit: 897
Processor Information for processor 7
  Max Mhz: 1300, Current Mhz: 900, Mhz Limit: 897
Processor Information for processor 8
  Max Mhz: 1300, Current Mhz: 900, Mhz Limit: 897
Processor Information for processor 9
  Max Mhz: 1300, Current Mhz: 900, Mhz Limit: 897
Processor Information for processor 10
  Max Mhz: 1300, Current Mhz: 900, Mhz Limit: 897
Processor Information for processor 11
  Max Mhz: 1300, Current Mhz: 900, Mhz Limit: 897

Memory: 4k page, system-wide physical 7835M (403M free)
TotalPageFile size 31387M (AvailPageFile size 35M)
current process WorkingSet (physical memory assigned to process): 12M, peak: 12M
current process commit charge ("private bytes"): 64M, peak: 188M

vm_info: OpenJDK 64-Bit Server VM (21.0.8+-14196175-b1038.72) for windows-amd64 JRE (21.0.8+-14196175-b1038.72), built on 2025-10-01T10:24:33Z by "builder" with MS VC++ 16.10 / 16.11 (VS2019)

END.
